Log file open, 11/04/21 23:28:34
LogWindows: Failed to load 'aqProf.dll' (GetLastError=126)
LogWindows: File 'aqProf.dll' does not exist
LogWindows: Failed to load 'VtuneApi.dll' (GetLastError=126)
LogWindows: File 'VtuneApi.dll' does not exist
LogWindows: Failed to load 'VtuneApi32e.dll' (GetLastError=126)
LogWindows: File 'VtuneApi32e.dll' does not exist
LogConsoleResponse: Display: Failed to find resolution value strings in scalability ini. Falling back to default.
LogConsoleResponse: Display: Failed to find resolution value strings in scalability ini. Falling back to default.
LogInit: Display: Running engine for game: MyProject
LogPlatformFile: Not using cached read wrapper
LogTaskGraph: Started task graph with 5 named threads and 35 total threads with 3 sets of task threads.
LogStats: Stats thread started at 0.373811
LogICUInternationalization: ICU TimeZone Detection - Raw Offset: -5:00, Platform Override: ''
LogInit: Display: Loading text-based GConfig....
LogPluginManager: Mounting plugin XGEController
LogPluginManager: Mounting plugin MeshPainting
LogPluginManager: Mounting plugin Paper2D
LogPluginManager: Mounting plugin AISupport
LogPluginManager: Mounting plugin EnvironmentQueryEditor
LogPluginManager: Mounting plugin LightPropagationVolume
LogPluginManager: Mounting plugin LiveLink
LogPluginManager: Mounting plugin GameplayCameras
LogPluginManager: Mounting plugin OodleData
LogPluginManager: Mounting plugin CameraShakePreviewer
LogPluginManager: Mounting plugin OodleNetwork
LogPluginManager: Mounting plugin AnimationSharing
LogPluginManager: Mounting plugin CLionSourceCodeAccess
LogPluginManager: Mounting plugin CodeLiteSourceCodeAccess
LogPluginManager: Mounting plugin GitSourceControl
LogPluginManager: Mounting plugin NullSourceCodeAccess
LogPluginManager: Mounting plugin KDevelopSourceCodeAccess
LogPluginManager: Mounting plugin PerforceSourceControl
LogPluginManager: Mounting plugin PixWinPlugin
LogPluginManager: Mounting plugin PlasticSourceControl
LogPluginManager: Mounting plugin PropertyAccessNode
LogPluginManager: Mounting plugin PluginUtils
LogPluginManager: Mounting plugin RiderSourceCodeAccess
LogPluginManager: Mounting plugin SubversionSourceControl
LogPluginManager: Mounting plugin TextureFormatOodle
LogPluginManager: Mounting plugin UObjectPlugin
LogPluginManager: Mounting plugin VisualStudioCodeSourceCodeAccess
LogPluginManager: Mounting plugin VisualStudioSourceCodeAccess
LogPluginManager: Mounting plugin AssetManagerEditor
LogPluginManager: Mounting plugin XCodeSourceCodeAccess
LogPluginManager: Mounting plugin CurveEditorTools
LogPluginManager: Mounting plugin CryptoKeys
LogPluginManager: Mounting plugin DataValidation
LogPluginManager: Mounting plugin LuminPlatformFeatures
LogPluginManager: Mounting plugin MagicLeap
LogPluginManager: Mounting plugin Niagara
LogPluginManager: Mounting plugin AndroidMedia
LogPluginManager: Mounting plugin AlembicImporter
LogPluginManager: Mounting plugin FacialAnimation
LogPluginManager: Mounting plugin GameplayTagsEditor
LogPluginManager: Mounting plugin GeometryMode
LogPluginManager: Mounting plugin MacGraphicsSwitching
LogPluginManager: Mounting plugin MagicLeapLightEstimation
LogPluginManager: Mounting plugin ActorSequence
LogPluginManager: Mounting plugin TcpMessaging
LogPluginManager: Mounting plugin AvfMedia
LogPluginManager: Mounting plugin MagicLeapMedia
LogPluginManager: Mounting plugin UdpMessaging
LogPluginManager: Mounting plugin MaterialAnalyzer
LogPluginManager: Mounting plugin LevelSequenceEditor
LogPluginManager: Mounting plugin MagicLeapPassableWorld
LogPluginManager: Mounting plugin MatineeToLevelSequence
LogPluginManager: Mounting plugin MobileLauncherProfileWizard
LogPluginManager: Mounting plugin PluginBrowser
LogPluginManager: Mounting plugin SpeedTreeImporter
LogPluginManager: Mounting plugin TemplateSequence
LogPluginManager: Mounting plugin DatasmithContent
LogPluginManager: Mounting plugin MLSDK
LogPluginManager: Mounting plugin ImgMedia
LogPluginManager: Mounting plugin MediaCompositing
LogPluginManager: Mounting plugin AutomationUtils
LogPluginManager: Mounting plugin BackChannel
LogPluginManager: Mounting plugin ChaosCloth
LogPluginManager: Mounting plugin ChaosClothEditor
LogPluginManager: Mounting plugin ChaosEditor
LogPluginManager: Mounting plugin VariantManagerContent
LogPluginManager: Mounting plugin ChaosSolverPlugin
LogPluginManager: Mounting plugin MediaPlayerEditor
LogPluginManager: Mounting plugin ChaosNiagara
LogPluginManager: Mounting plugin WebMMedia
LogPluginManager: Mounting plugin CharacterAI
LogPluginManager: Mounting plugin WmfMedia
LogPluginManager: Mounting plugin GeometryCache
LogPluginManager: Mounting plugin GeometryCollectionPlugin
LogPluginManager: Mounting plugin GeometryProcessing
LogPluginManager: Mounting plugin OpenImageDenoise
LogPluginManager: Mounting plugin MotoSynth
LogPluginManager: Mounting plugin PlanarCut
LogPluginManager: Mounting plugin PlatformCrypto
LogPluginManager: Mounting plugin ProxyLODPlugin
LogPluginManager: Mounting plugin PythonScriptPlugin
LogPluginManager: Mounting plugin SkeletalReduction
LogPluginManager: Mounting plugin OnlineSubsystem
LogPluginManager: Mounting plugin LauncherChunkInstaller
LogPluginManager: Mounting plugin OnlineSubsystemNull
LogPluginManager: Mounting plugin OnlineSubsystemUtils
LogPluginManager: Mounting plugin ActorLayerUtilities
LogPluginManager: Mounting plugin AndroidMoviePlayer
LogPluginManager: Mounting plugin AndroidDeviceProfileSelector
LogPluginManager: Mounting plugin AndroidPermission
LogPluginManager: Mounting plugin ArchVisCharacter
LogPluginManager: Mounting plugin AppleMoviePlayer
LogPluginManager: Mounting plugin AppleImageUtils
LogPluginManager: Mounting plugin AssetTags
LogPluginManager: Mounting plugin AudioCapture
LogPluginManager: Mounting plugin ChunkDownloader
LogPluginManager: Mounting plugin AudioSynesthesia
LogPluginManager: Mounting plugin CableComponent
LogPluginManager: Mounting plugin CustomMeshComponent
LogPluginManager: Mounting plugin EditableMesh
LogPluginManager: Mounting plugin ExampleDeviceProfileSelector
LogPluginManager: Mounting plugin GooglePAD
LogPluginManager: Mounting plugin GoogleCloudMessaging
LogPluginManager: Mounting plugin IOSDeviceProfileSelector
LogPluginManager: Mounting plugin LinuxDeviceProfileSelector
LogPluginManager: Mounting plugin LocationServicesBPLibrary
LogPluginManager: Mounting plugin MobilePatchingUtils
LogPluginManager: Mounting plugin OpenXR
LogPluginManager: Mounting plugin OpenXREyeTracker
LogPluginManager: Mounting plugin OpenXRHandTracking
LogPluginManager: Mounting plugin PhysXVehicles
LogPluginManager: Mounting plugin ScreenshotTools
LogPluginManager: Mounting plugin PostSplashScreen
LogPluginManager: Mounting plugin ProceduralMeshComponent
LogPluginManager: Mounting plugin PropertyAccessEditor
LogPluginManager: Mounting plugin RuntimePhysXCooking
LogPluginManager: Mounting plugin SignificanceManager
LogPluginManager: Mounting plugin SoundFields
LogPluginManager: Mounting plugin Synthesis
LogPluginManager: Mounting plugin WebMMoviePlayer
LogPluginManager: Mounting plugin Takes
LogPluginManager: Mounting plugin WindowsMoviePlayer
LogPluginManager: Mounting plugin ContentBrowserAssetDataSource
LogPluginManager: Mounting plugin ContentBrowserClassDataSource
LogPluginManager: Mounting plugin ContentBrowserFileDataSource
LogPluginManager: Mounting plugin OnlineSubsystemGooglePlay
LogPluginManager: Mounting plugin OnlineSubsystemIOS
LogPluginManager: Mounting plugin OculusVR
LogPluginManager: Mounting plugin SteamVR
PixWinPlugin: PIX capture plugin failed to initialize! Check that the process is launched from PIX.
LogLuminAPIImpl: Warning: MLSDK not found.  This likely means the MLSDK environment variable is not set.
LogInit: Using libcurl 7.55.1-DEV
LogInit:  - built for x86_64-pc-win32
LogInit:  - supports SSL with OpenSSL/1.1.1
LogInit:  - supports HTTP deflate (compression) using libz 1.2.8
LogInit:  - other features:
LogInit:      CURL_VERSION_SSL
LogInit:      CURL_VERSION_LIBZ
LogInit:      CURL_VERSION_IPV6
LogInit:      CURL_VERSION_ASYNCHDNS
LogInit:      CURL_VERSION_LARGEFILE
LogInit:      CURL_VERSION_IDN
LogInit:  CurlRequestOptions (configurable via config and command line):
LogInit:  - bVerifyPeer = true  - Libcurl will verify peer certificate
LogInit:  - bUseHttpProxy = false  - Libcurl will NOT use HTTP proxy
LogInit:  - bDontReuseConnections = false  - Libcurl will reuse connections
LogInit:  - MaxHostConnections = 16  - Libcurl will limit the number of connections to a host
LogInit:  - LocalHostAddr = Default
LogInit:  - BufferSize = 65536
LogOnline: OSS: Creating online subsystem instance for: NULL
LogInit: WinSock: version 1.1 (2.2), MaxSocks=32767, MaxUdp=65467
LogOnline: OSS: TryLoadSubsystemAndSetDefault: Loaded subsystem for module [NULL]
LogOculusPluginWrapper: OculusPlugin initialized successfully
LogHMD: Failed initializing OVRPlugin 1.59.0
LogInit: Build: ++UE4+Release-4.27-CL-17735300
LogInit: Engine Version: 4.27.1-17735300+++UE4+Release-4.27
LogInit: Compatible Engine Version: 4.27.0-17155196+++UE4+Release-4.27
LogInit: Net CL: 17155196
LogInit: OS: Windows 10 (Release 2009) (), CPU: Intel(R) Core(TM) i5-10400F CPU @ 2.90GHz, GPU: NVIDIA GeForce GTX 1660 SUPER
LogInit: Compiled (64-bit): Oct  6 2021 14:42:51
LogInit: Compiled with Visual C++: 19.24.28315.00
LogInit: Build Configuration: Development
LogInit: Branch Name: ++UE4+Release-4.27
LogInit: Command Line: 
LogInit: Base Directory: D:/unreal/UE_4.27/Engine/Binaries/Win64/
LogInit: Allocator: TBB
LogInit: Installed Engine Build: 1
LogDevObjectVersion: Number of dev versions registered: 29
LogDevObjectVersion:   Dev-Blueprints (B0D832E4-1F89-4F0D-ACCF-7EB736FD4AA2): 10
LogDevObjectVersion:   Dev-Build (E1C64328-A22C-4D53-A36C-8E866417BD8C): 0
LogDevObjectVersion:   Dev-Core (375EC13C-06E4-48FB-B500-84F0262A717E): 4
LogDevObjectVersion:   Dev-Editor (E4B068ED-F494-42E9-A231-DA0B2E46BB41): 40
LogDevObjectVersion:   Dev-Framework (CFFC743F-43B0-4480-9391-14DF171D2073): 37
LogDevObjectVersion:   Dev-Mobile (B02B49B5-BB20-44E9-A304-32B752E40360): 3
LogDevObjectVersion:   Dev-Networking (A4E4105C-59A1-49B5-A7C5-40C4547EDFEE): 0
LogDevObjectVersion:   Dev-Online (39C831C9-5AE6-47DC-9A44-9C173E1C8E7C): 0
LogDevObjectVersion:   Dev-Physics (78F01B33-EBEA-4F98-B9B4-84EACCB95AA2): 14
LogDevObjectVersion:   Dev-Platform (6631380F-2D4D-43E0-8009-CF276956A95A): 0
LogDevObjectVersion:   Dev-Rendering (12F88B9F-8875-4AFC-A67C-D90C383ABD29): 45
LogDevObjectVersion:   Dev-Sequencer (7B5AE74C-D270-4C10-A958-57980B212A5A): 13
LogDevObjectVersion:   Dev-VR (D7296918-1DD6-4BDD-9DE2-64A83CC13884): 3
LogDevObjectVersion:   Dev-LoadTimes (C2A15278-BFE7-4AFE-6C17-90FF531DF755): 1
LogDevObjectVersion:   Private-Geometry (6EACA3D4-40EC-4CC1-B786-8BED09428FC5): 3
LogDevObjectVersion:   Dev-AnimPhys (29E575DD-E0A3-4627-9D10-D276232CDCEA): 17
LogDevObjectVersion:   Dev-Anim (AF43A65D-7FD3-4947-9873-3E8ED9C1BB05): 15
LogDevObjectVersion:   Dev-ReflectionCapture (6B266CEC-1EC7-4B8F-A30B-E4D90942FC07): 1
LogDevObjectVersion:   Dev-Automation (0DF73D61-A23F-47EA-B727-89E90C41499A): 1
LogDevObjectVersion:   FortniteMain (601D1886-AC64-4F84-AA16-D3DE0DEAC7D6): 47
LogDevObjectVersion:   FortniteRelease (E7086368-6B23-4C58-8439-1B7016265E91): 1
LogDevObjectVersion:   Dev-Enterprise (9DFFBCD6-494F-0158-E221-12823C92A888): 10
LogDevObjectVersion:   Dev-Niagara (F2AED0AC-9AFE-416F-8664-AA7FFA26D6FC): 1
LogDevObjectVersion:   Dev-Destruction (174F1F0B-B4C6-45A5-B13F-2EE8D0FB917D): 10
LogDevObjectVersion:   Dev-Physics-Ext (35F94A83-E258-406C-A318-09F59610247C): 41
LogDevObjectVersion:   Dev-PhysicsMaterial-Chaos (B68FC16E-8B1B-42E2-B453-215C058844FE): 1
LogDevObjectVersion:   Dev-CineCamera (B2E18506-4273-CFC2-A54E-F4BB758BBA07): 1
LogDevObjectVersion:   Dev-VirtualProduction (64F58936-FD1B-42BA-BA96-7289D5D0FA4E): 1
LogDevObjectVersion:   Dev-MediaFramework (6F0ED827-A609-4895-9C91-998D90180EA4): 2
LogInit: Presizing for max 25165824 objects, including 0 objects not considered by GC, pre-allocating 0 bytes for permanent pool.
LogConfig: Applying CVar settings from Section [/Script/Engine.StreamingSettings] File [C:/Users/marti/Documents/GitHub/041104ym/MyProject/Saved/Config/Windows/Engine.ini]
LogConfig: Setting CVar [[s.MinBulkDataSizeForAsyncLoading:131072]]
LogConfig: Setting CVar [[s.AsyncLoadingThreadEnabled:0]]
LogConfig: Setting CVar [[s.EventDrivenLoaderEnabled:1]]
LogConfig: Setting CVar [[s.WarnIfTimeLimitExceeded:0]]
LogConfig: Setting CVar [[s.TimeLimitExceededMultiplier:1.5]]
LogConfig: Setting CVar [[s.TimeLimitExceededMinTime:0.005]]
LogConfig: Setting CVar [[s.UseBackgroundLevelStreaming:1]]
LogConfig: Setting CVar [[s.PriorityAsyncLoadingExtraTime:15.0]]
LogConfig: Setting CVar [[s.LevelStreamingActorsUpdateTimeLimit:5.0]]
LogConfig: Setting CVar [[s.PriorityLevelStreamingActorsUpdateExtraTime:5.0]]
LogConfig: Setting CVar [[s.LevelStreamingComponentsRegistrationGranularity:10]]
LogConfig: Setting CVar [[s.UnregisterComponentsTimeLimit:1.0]]
LogConfig: Setting CVar [[s.LevelStreamingComponentsUnregistrationGranularity:5]]
LogConfig: Setting CVar [[s.FlushStreamingOnExit:1]]
LogInit: Object subsystem initialized
LogConfig: Setting CVar [[con.DebugEarlyDefault:1]]
LogConfig: Setting CVar [[r.setres:1280x720]]
[2021.11.05-03.28.35:310][  0]LogConfig: Setting CVar [[r.VSync:0]]
[2021.11.05-03.28.35:310][  0]LogConfig: Setting CVar [[r.RHICmdBypass:0]]
[2021.11.05-03.28.35:311][  0]LogConfig: Applying CVar settings from Section [/Script/Engine.RendererSettings] File [C:/Users/marti/Documents/GitHub/041104ym/MyProject/Saved/Config/Windows/Engine.ini]
[2021.11.05-03.28.35:311][  0]LogConfig: Setting CVar [[r.GPUCrashDebugging:0]]
[2021.11.05-03.28.35:311][  0]LogConfig: Applying CVar settings from Section [/Script/Engine.RendererOverrideSettings] File [C:/Users/marti/Documents/GitHub/041104ym/MyProject/Saved/Config/Windows/Engine.ini]
[2021.11.05-03.28.35:311][  0]LogConfig: Applying CVar settings from Section [/Script/Engine.StreamingSettings] File [C:/Users/marti/Documents/GitHub/041104ym/MyProject/Saved/Config/Windows/Engine.ini]
[2021.11.05-03.28.35:311][  0]LogConfig: Setting CVar [[s.MinBulkDataSizeForAsyncLoading:131072]]
[2021.11.05-03.28.35:311][  0]LogConfig: Setting CVar [[s.AsyncLoadingThreadEnabled:0]]
[2021.11.05-03.28.35:311][  0]LogConfig: Setting CVar [[s.EventDrivenLoaderEnabled:1]]
[2021.11.05-03.28.35:311][  0]LogConfig: Setting CVar [[s.WarnIfTimeLimitExceeded:0]]
[2021.11.05-03.28.35:311][  0]LogConfig: Setting CVar [[s.TimeLimitExceededMultiplier:1.5]]
[2021.11.05-03.28.35:311][  0]LogConfig: Setting CVar [[s.TimeLimitExceededMinTime:0.005]]
[2021.11.05-03.28.35:311][  0]LogConfig: Setting CVar [[s.UseBackgroundLevelStreaming:1]]
[2021.11.05-03.28.35:311][  0]LogConfig: Setting CVar [[s.PriorityAsyncLoadingExtraTime:15.0]]
[2021.11.05-03.28.35:311][  0]LogConfig: Setting CVar [[s.LevelStreamingActorsUpdateTimeLimit:5.0]]
[2021.11.05-03.28.35:311][  0]LogConfig: Setting CVar [[s.PriorityLevelStreamingActorsUpdateExtraTime:5.0]]
[2021.11.05-03.28.35:311][  0]LogConfig: Setting CVar [[s.LevelStreamingComponentsRegistrationGranularity:10]]
[2021.11.05-03.28.35:311][  0]LogConfig: Setting CVar [[s.UnregisterComponentsTimeLimit:1.0]]
[2021.11.05-03.28.35:311][  0]LogConfig: Setting CVar [[s.LevelStreamingComponentsUnregistrationGranularity:5]]
[2021.11.05-03.28.35:311][  0]LogConfig: Setting CVar [[s.FlushStreamingOnExit:1]]
[2021.11.05-03.28.35:311][  0]LogConfig: Applying CVar settings from Section [/Script/Engine.GarbageCollectionSettings] File [C:/Users/marti/Documents/GitHub/041104ym/MyProject/Saved/Config/Windows/Engine.ini]
[2021.11.05-03.28.35:311][  0]LogConfig: Setting CVar [[gc.MaxObjectsNotConsideredByGC:1]]
[2021.11.05-03.28.35:311][  0]LogConfig: Setting CVar [[gc.SizeOfPermanentObjectPool:0]]
[2021.11.05-03.28.35:311][  0]LogConfig: Setting CVar [[gc.FlushStreamingOnGC:0]]
[2021.11.05-03.28.35:311][  0]LogConfig: Setting CVar [[gc.NumRetriesBeforeForcingGC:10]]
[2021.11.05-03.28.35:311][  0]LogConfig: Setting CVar [[gc.AllowParallelGC:1]]
[2021.11.05-03.28.35:311][  0]LogConfig: Setting CVar [[gc.TimeBetweenPurgingPendingKillObjects:61.1]]
[2021.11.05-03.28.35:311][  0]LogConfig: Setting CVar [[gc.MaxObjectsInEditor:25165824]]
[2021.11.05-03.28.35:311][  0]LogConfig: Setting CVar [[gc.IncrementalBeginDestroyEnabled:1]]
[2021.11.05-03.28.35:311][  0]LogConfig: Setting CVar [[gc.CreateGCClusters:1]]
[2021.11.05-03.28.35:311][  0]LogConfig: Setting CVar [[gc.MinGCClusterSize:5]]
[2021.11.05-03.28.35:311][  0]LogConfig: Setting CVar [[gc.ActorClusteringEnabled:0]]
[2021.11.05-03.28.35:311][  0]LogConfig: Setting CVar [[gc.BlueprintClusteringEnabled:0]]
[2021.11.05-03.28.35:311][  0]LogConfig: Setting CVar [[gc.UseDisregardForGCOnDedicatedServers:0]]
[2021.11.05-03.28.35:311][  0]LogConfig: Setting CVar [[gc.MultithreadedDestructionEnabled:1]]
[2021.11.05-03.28.35:311][  0]LogConfig: Applying CVar settings from Section [/Script/Engine.NetworkSettings] File [C:/Users/marti/Documents/GitHub/041104ym/MyProject/Saved/Config/Windows/Engine.ini]
[2021.11.05-03.28.35:311][  0]LogConfig: Applying CVar settings from Section [/Script/UnrealEd.CookerSettings] File [C:/Users/marti/Documents/GitHub/041104ym/MyProject/Saved/Config/Windows/Engine.ini]
[2021.11.05-03.28.35:339][  0]LogConfig: Applying CVar settings from Section [ViewDistanceQuality@3] File [C:/Users/marti/Documents/GitHub/041104ym/MyProject/Saved/Config/Windows/Scalability.ini]
[2021.11.05-03.28.35:339][  0]LogConfig: Setting CVar [[r.SkeletalMeshLODBias:0]]
[2021.11.05-03.28.35:339][  0]LogConfig: Setting CVar [[r.ViewDistanceScale:1.0]]
[2021.11.05-03.28.35:339][  0]LogConfig: Applying CVar settings from Section [AntiAliasingQuality@3] File [C:/Users/marti/Documents/GitHub/041104ym/MyProject/Saved/Config/Windows/Scalability.ini]
[2021.11.05-03.28.35:339][  0]LogConfig: Setting CVar [[r.PostProcessAAQuality:4]]
[2021.11.05-03.28.35:339][  0]LogConfig: Applying CVar settings from Section [ShadowQuality@3] File [C:/Users/marti/Documents/GitHub/041104ym/MyProject/Saved/Config/Windows/Scalability.ini]
[2021.11.05-03.28.35:339][  0]LogConfig: Setting CVar [[r.LightFunctionQuality:1]]
[2021.11.05-03.28.35:339][  0]LogConfig: Setting CVar [[r.ShadowQuality:5]]
[2021.11.05-03.28.35:339][  0]LogConfig: Setting CVar [[r.Shadow.CSM.MaxCascades:10]]
[2021.11.05-03.28.35:339][  0]LogConfig: Setting CVar [[r.Shadow.MaxResolution:2048]]
[2021.11.05-03.28.35:339][  0]LogConfig: Setting CVar [[r.Shadow.MaxCSMResolution:2048]]
[2021.11.05-03.28.35:339][  0]LogConfig: Setting CVar [[r.Shadow.RadiusThreshold:0.01]]
[2021.11.05-03.28.35:339][  0]LogConfig: Setting CVar [[r.Shadow.DistanceScale:1.0]]
[2021.11.05-03.28.35:339][  0]LogConfig: Setting CVar [[r.Shadow.CSM.TransitionScale:1.0]]
[2021.11.05-03.28.35:339][  0]LogConfig: Setting CVar [[r.Shadow.PreShadowResolutionFactor:1.0]]
[2021.11.05-03.28.35:339][  0]LogConfig: Setting CVar [[r.DistanceFieldShadowing:1]]
[2021.11.05-03.28.35:339][  0]LogConfig: Setting CVar [[r.DistanceFieldAO:1]]
[2021.11.05-03.28.35:339][  0]LogConfig: Setting CVar [[r.AOQuality:2]]
[2021.11.05-03.28.35:339][  0]LogConfig: Setting CVar [[r.VolumetricFog:1]]
[2021.11.05-03.28.35:339][  0]LogConfig: Setting CVar [[r.VolumetricFog.GridPixelSize:8]]
[2021.11.05-03.28.35:339][  0]LogConfig: Setting CVar [[r.VolumetricFog.GridSizeZ:128]]
[2021.11.05-03.28.35:339][  0]LogConfig: Setting CVar [[r.VolumetricFog.HistoryMissSupersampleCount:4]]
[2021.11.05-03.28.35:339][  0]LogConfig: Setting CVar [[r.LightMaxDrawDistanceScale:1]]
[2021.11.05-03.28.35:339][  0]LogConfig: Setting CVar [[r.CapsuleShadows:1]]
[2021.11.05-03.28.35:339][  0]LogConfig: Applying CVar settings from Section [PostProcessQuality@3] File [C:/Users/marti/Documents/GitHub/041104ym/MyProject/Saved/Config/Windows/Scalability.ini]
[2021.11.05-03.28.35:339][  0]LogConfig: Setting CVar [[r.MotionBlurQuality:4]]
[2021.11.05-03.28.35:339][  0]LogConfig: Setting CVar [[r.AmbientOcclusionMipLevelFactor:0.4]]
[2021.11.05-03.28.35:339][  0]LogConfig: Setting CVar [[r.AmbientOcclusionMaxQuality:100]]
[2021.11.05-03.28.35:339][  0]LogConfig: Setting CVar [[r.AmbientOcclusionLevels:-1]]
[2021.11.05-03.28.35:339][  0]LogConfig: Setting CVar [[r.AmbientOcclusionRadiusScale:1.0]]
[2021.11.05-03.28.35:339][  0]LogConfig: Setting CVar [[r.DepthOfFieldQuality:2]]
[2021.11.05-03.28.35:339][  0]LogConfig: Setting CVar [[r.RenderTargetPoolMin:400]]
[2021.11.05-03.28.35:339][  0]LogConfig: Setting CVar [[r.LensFlareQuality:2]]
[2021.11.05-03.28.35:339][  0]LogConfig: Setting CVar [[r.SceneColorFringeQuality:1]]
[2021.11.05-03.28.35:339][  0]LogConfig: Setting CVar [[r.EyeAdaptationQuality:2]]
[2021.11.05-03.28.35:339][  0]LogConfig: Setting CVar [[r.BloomQuality:5]]
[2021.11.05-03.28.35:339][  0]LogConfig: Setting CVar [[r.FastBlurThreshold:100]]
[2021.11.05-03.28.35:339][  0]LogConfig: Setting CVar [[r.Upscale.Quality:3]]
[2021.11.05-03.28.35:339][  0]LogConfig: Setting CVar [[r.Tonemapper.GrainQuantization:1]]
[2021.11.05-03.28.35:339][  0]LogConfig: Setting CVar [[r.LightShaftQuality:1]]
[2021.11.05-03.28.35:339][  0]LogConfig: Setting CVar [[r.Filter.SizeScale:1]]
[2021.11.05-03.28.35:339][  0]LogConfig: Setting CVar [[r.Tonemapper.Quality:5]]
[2021.11.05-03.28.35:339][  0]LogConfig: Setting CVar [[r.DOF.Gather.AccumulatorQuality:1        ; higher gathering accumulator quality]]
[2021.11.05-03.28.35:340][  0]LogConfig: Setting CVar [[r.DOF.Gather.PostfilterMethod:1          ; Median3x3 postfilering method]]
[2021.11.05-03.28.35:340][  0]LogConfig: Setting CVar [[r.DOF.Gather.EnableBokehSettings:0       ; no bokeh simulation when gathering]]
[2021.11.05-03.28.35:340][  0]LogConfig: Setting CVar [[r.DOF.Gather.RingCount:4                 ; medium number of samples when gathering]]
[2021.11.05-03.28.35:340][  0]LogConfig: Setting CVar [[r.DOF.Scatter.ForegroundCompositing:1    ; additive foreground scattering]]
[2021.11.05-03.28.35:340][  0]LogConfig: Setting CVar [[r.DOF.Scatter.BackgroundCompositing:2    ; additive background scattering]]
[2021.11.05-03.28.35:340][  0]LogConfig: Setting CVar [[r.DOF.Scatter.EnableBokehSettings:1      ; bokeh simulation when scattering]]
[2021.11.05-03.28.35:340][  0]LogConfig: Setting CVar [[r.DOF.Scatter.MaxSpriteRatio:0.1         ; only a maximum of 10% of scattered bokeh]]
[2021.11.05-03.28.35:340][  0]LogConfig: Setting CVar [[r.DOF.Recombine.Quality:1                ; cheap slight out of focus]]
[2021.11.05-03.28.35:340][  0]LogConfig: Setting CVar [[r.DOF.Recombine.EnableBokehSettings:0    ; no bokeh simulation on slight out of focus]]
[2021.11.05-03.28.35:340][  0]LogConfig: Setting CVar [[r.DOF.TemporalAAQuality:1                ; more stable temporal accumulation]]
[2021.11.05-03.28.35:340][  0]LogConfig: Setting CVar [[r.DOF.Kernel.MaxForegroundRadius:0.025]]
[2021.11.05-03.28.35:340][  0]LogConfig: Setting CVar [[r.DOF.Kernel.MaxBackgroundRadius:0.025]]
[2021.11.05-03.28.35:340][  0]LogConfig: Applying CVar settings from Section [TextureQuality@3] File [C:/Users/marti/Documents/GitHub/041104ym/MyProject/Saved/Config/Windows/Scalability.ini]
[2021.11.05-03.28.35:340][  0]LogConfig: Setting CVar [[r.Streaming.MipBias:0]]
[2021.11.05-03.28.35:340][  0]LogConfig: Setting CVar [[r.Streaming.AmortizeCPUToGPUCopy:0]]
[2021.11.05-03.28.35:340][  0]LogConfig: Setting CVar [[r.Streaming.MaxNumTexturesToStreamPerFrame:0]]
[2021.11.05-03.28.35:340][  0]LogConfig: Setting CVar [[r.Streaming.Boost:1]]
[2021.11.05-03.28.35:340][  0]LogConfig: Setting CVar [[r.MaxAnisotropy:8]]
[2021.11.05-03.28.35:340][  0]LogConfig: Setting CVar [[r.VT.MaxAnisotropy:8]]
[2021.11.05-03.28.35:340][  0]LogConfig: Setting CVar [[r.Streaming.LimitPoolSizeToVRAM:0]]
[2021.11.05-03.28.35:340][  0]LogConfig: Setting CVar [[r.Streaming.PoolSize:1000]]
[2021.11.05-03.28.35:340][  0]LogConfig: Setting CVar [[r.Streaming.MaxEffectiveScreenSize:0]]
[2021.11.05-03.28.35:340][  0]LogConfig: Applying CVar settings from Section [EffectsQuality@3] File [C:/Users/marti/Documents/GitHub/041104ym/MyProject/Saved/Config/Windows/Scalability.ini]
[2021.11.05-03.28.35:340][  0]LogConfig: Setting CVar [[r.TranslucencyLightingVolumeDim:64]]
[2021.11.05-03.28.35:340][  0]LogConfig: Setting CVar [[r.RefractionQuality:2]]
[2021.11.05-03.28.35:340][  0]LogConfig: Setting CVar [[r.SSR.Quality:3]]
[2021.11.05-03.28.35:340][  0]LogConfig: Setting CVar [[r.SSR.HalfResSceneColor:0]]
[2021.11.05-03.28.35:340][  0]LogConfig: Setting CVar [[r.SceneColorFormat:4]]
[2021.11.05-03.28.35:340][  0]LogConfig: Setting CVar [[r.DetailMode:2]]
[2021.11.05-03.28.35:340][  0]LogConfig: Setting CVar [[r.TranslucencyVolumeBlur:1]]
[2021.11.05-03.28.35:340][  0]LogConfig: Setting CVar [[r.MaterialQualityLevel:1 ; High quality]]
[2021.11.05-03.28.35:340][  0]LogConfig: Setting CVar [[r.AnisotropicMaterials:1]]
[2021.11.05-03.28.35:340][  0]LogConfig: Setting CVar [[r.SSS.Scale:1]]
[2021.11.05-03.28.35:340][  0]LogConfig: Setting CVar [[r.SSS.SampleSet:2]]
[2021.11.05-03.28.35:340][  0]LogConfig: Setting CVar [[r.SSS.Quality:1]]
[2021.11.05-03.28.35:340][  0]LogConfig: Setting CVar [[r.SSS.HalfRes:0]]
[2021.11.05-03.28.35:340][  0]LogConfig: Setting CVar [[r.SSGI.Quality:3]]
[2021.11.05-03.28.35:340][  0]LogConfig: Setting CVar [[r.EmitterSpawnRateScale:1.0]]
[2021.11.05-03.28.35:340][  0]LogConfig: Setting CVar [[r.ParticleLightQuality:2]]
[2021.11.05-03.28.35:340][  0]LogConfig: Setting CVar [[r.SkyAtmosphere.AerialPerspectiveLUT.FastApplyOnOpaque:1 ; Always have FastSkyLUT 1 in this case to avoid wrong sky]]
[2021.11.05-03.28.35:340][  0]LogConfig: Setting CVar [[r.SkyAtmosphere.AerialPerspectiveLUT.SampleCountMaxPerSlice:4]]
[2021.11.05-03.28.35:340][  0]LogConfig: Setting CVar [[r.SkyAtmosphere.AerialPerspectiveLUT.DepthResolution:16.0]]
[2021.11.05-03.28.35:340][  0]LogConfig: Setting CVar [[r.SkyAtmosphere.FastSkyLUT:1]]
[2021.11.05-03.28.35:340][  0]LogConfig: Setting CVar [[r.SkyAtmosphere.FastSkyLUT.SampleCountMin:4.0]]
[2021.11.05-03.28.35:340][  0]LogConfig: Setting CVar [[r.SkyAtmosphere.FastSkyLUT.SampleCountMax:128.0]]
[2021.11.05-03.28.35:340][  0]LogConfig: Setting CVar [[r.SkyAtmosphere.SampleCountMin:4.0]]
[2021.11.05-03.28.35:340][  0]LogConfig: Setting CVar [[r.SkyAtmosphere.SampleCountMax:128.0]]
[2021.11.05-03.28.35:340][  0]LogConfig: Setting CVar [[r.SkyAtmosphere.TransmittanceLUT.UseSmallFormat:0]]
[2021.11.05-03.28.35:340][  0]LogConfig: Setting CVar [[r.SkyAtmosphere.TransmittanceLUT.SampleCount:10.0]]
[2021.11.05-03.28.35:340][  0]LogConfig: Setting CVar [[r.SkyAtmosphere.MultiScatteringLUT.SampleCount:15.0]]
[2021.11.05-03.28.35:340][  0]LogConfig: Setting CVar [[r.SkyLight.RealTimeReflectionCapture:1]]
[2021.11.05-03.28.35:340][  0]LogConfig: Applying CVar settings from Section [FoliageQuality@3] File [C:/Users/marti/Documents/GitHub/041104ym/MyProject/Saved/Config/Windows/Scalability.ini]
[2021.11.05-03.28.35:340][  0]LogConfig: Setting CVar [[foliage.DensityScale:1.0]]
[2021.11.05-03.28.35:340][  0]LogConfig: Setting CVar [[grass.DensityScale:1.0]]
[2021.11.05-03.28.35:340][  0]LogConfig: Applying CVar settings from Section [ShadingQuality@3] File [C:/Users/marti/Documents/GitHub/041104ym/MyProject/Saved/Config/Windows/Scalability.ini]
[2021.11.05-03.28.35:340][  0]LogConfig: Setting CVar [[r.HairStrands.SkyLighting.IntegrationType:2]]
[2021.11.05-03.28.35:340][  0]LogConfig: Setting CVar [[r.HairStrands.SkyAO.SampleCount:4]]
[2021.11.05-03.28.35:340][  0]LogConfig: Setting CVar [[r.HairStrands.Visibility.MSAA.SamplePerPixel:4]]
[2021.11.05-03.28.35:340][  0]LogInit: Selected Device Profile: [Windows]
[2021.11.05-03.28.35:340][  0]LogInit: Applying CVar settings loaded from the selected device profile: [Windows]
[2021.11.05-03.28.35:340][  0]LogHAL: Display: Platform has ~ 16 GB [17114873856 / 17179869184 / 16], which maps to Larger [LargestMinGB=32, LargerMinGB=12, DefaultMinGB=8, SmallerMinGB=6, SmallestMinGB=0)
[2021.11.05-03.28.35:340][  0]LogInit: Going up to parent DeviceProfile []
[2021.11.05-03.28.35:340][  0]LogConfig: Applying CVar settings from Section [ViewDistanceQuality@3] File [C:/Users/marti/Documents/GitHub/041104ym/MyProject/Saved/Config/Windows/Scalability.ini]
[2021.11.05-03.28.35:340][  0]LogConfig: Setting CVar [[r.SkeletalMeshLODBias:0]]
[2021.11.05-03.28.35:340][  0]LogConfig: Setting CVar [[r.ViewDistanceScale:1.0]]
[2021.11.05-03.28.35:340][  0]LogConfig: Applying CVar settings from Section [AntiAliasingQuality@3] File [C:/Users/marti/Documents/GitHub/041104ym/MyProject/Saved/Config/Windows/Scalability.ini]
[2021.11.05-03.28.35:340][  0]LogConfig: Setting CVar [[r.PostProcessAAQuality:4]]
[2021.11.05-03.28.35:340][  0]LogConfig: Applying CVar settings from Section [ShadowQuality@3] File [C:/Users/marti/Documents/GitHub/041104ym/MyProject/Saved/Config/Windows/Scalability.ini]
[2021.11.05-03.28.35:340][  0]LogConfig: Setting CVar [[r.LightFunctionQuality:1]]
[2021.11.05-03.28.35:340][  0]LogConfig: Setting CVar [[r.ShadowQuality:5]]
[2021.11.05-03.28.35:340][  0]LogConfig: Setting CVar [[r.Shadow.CSM.MaxCascades:10]]
[2021.11.05-03.28.35:340][  0]LogConfig: Setting CVar [[r.Shadow.MaxResolution:2048]]
[2021.11.05-03.28.35:340][  0]LogConfig: Setting CVar [[r.Shadow.MaxCSMResolution:2048]]
[2021.11.05-03.28.35:340][  0]LogConfig: Setting CVar [[r.Shadow.RadiusThreshold:0.01]]
[2021.11.05-03.28.35:340][  0]LogConfig: Setting CVar [[r.Shadow.DistanceScale:1.0]]
[2021.11.05-03.28.35:340][  0]LogConfig: Setting CVar [[r.Shadow.CSM.TransitionScale:1.0]]
[2021.11.05-03.28.35:340][  0]LogConfig: Setting CVar [[r.Shadow.PreShadowResolutionFactor:1.0]]
[2021.11.05-03.28.35:340][  0]LogConfig: Setting CVar [[r.DistanceFieldShadowing:1]]
[2021.11.05-03.28.35:340][  0]LogConfig: Setting CVar [[r.DistanceFieldAO:1]]
[2021.11.05-03.28.35:340][  0]LogConfig: Setting CVar [[r.AOQuality:2]]
[2021.11.05-03.28.35:340][  0]LogConfig: Setting CVar [[r.VolumetricFog:1]]
[2021.11.05-03.28.35:340][  0]LogConfig: Setting CVar [[r.VolumetricFog.GridPixelSize:8]]
[2021.11.05-03.28.35:340][  0]LogConfig: Setting CVar [[r.VolumetricFog.GridSizeZ:128]]
[2021.11.05-03.28.35:340][  0]LogConfig: Setting CVar [[r.VolumetricFog.HistoryMissSupersampleCount:4]]
[2021.11.05-03.28.35:340][  0]LogConfig: Setting CVar [[r.LightMaxDrawDistanceScale:1]]
[2021.11.05-03.28.35:340][  0]LogConfig: Setting CVar [[r.CapsuleShadows:1]]
[2021.11.05-03.28.35:340][  0]LogConfig: Applying CVar settings from Section [PostProcessQuality@3] File [C:/Users/marti/Documents/GitHub/041104ym/MyProject/Saved/Config/Windows/Scalability.ini]
[2021.11.05-03.28.35:340][  0]LogConfig: Setting CVar [[r.MotionBlurQuality:4]]
[2021.11.05-03.28.35:340][  0]LogConfig: Setting CVar [[r.AmbientOcclusionMipLevelFactor:0.4]]
[2021.11.05-03.28.35:340][  0]LogConfig: Setting CVar [[r.AmbientOcclusionMaxQuality:100]]
[2021.11.05-03.28.35:340][  0]LogConfig: Setting CVar [[r.AmbientOcclusionLevels:-1]]
[2021.11.05-03.28.35:340][  0]LogConfig: Setting CVar [[r.AmbientOcclusionRadiusScale:1.0]]
[2021.11.05-03.28.35:340][  0]LogConfig: Setting CVar [[r.DepthOfFieldQuality:2]]
[2021.11.05-03.28.35:341][  0]LogConfig: Setting CVar [[r.RenderTargetPoolMin:400]]
[2021.11.05-03.28.35:341][  0]LogConfig: Setting CVar [[r.LensFlareQuality:2]]
[2021.11.05-03.28.35:341][  0]LogConfig: Setting CVar [[r.SceneColorFringeQuality:1]]
[2021.11.05-03.28.35:341][  0]LogConfig: Setting CVar [[r.EyeAdaptationQuality:2]]
[2021.11.05-03.28.35:341][  0]LogConfig: Setting CVar [[r.BloomQuality:5]]
[2021.11.05-03.28.35:341][  0]LogConfig: Setting CVar [[r.FastBlurThreshold:100]]
[2021.11.05-03.28.35:341][  0]LogConfig: Setting CVar [[r.Upscale.Quality:3]]
[2021.11.05-03.28.35:341][  0]LogConfig: Setting CVar [[r.Tonemapper.GrainQuantization:1]]
[2021.11.05-03.28.35:341][  0]LogConfig: Setting CVar [[r.LightShaftQuality:1]]
[2021.11.05-03.28.35:341][  0]LogConfig: Setting CVar [[r.Filter.SizeScale:1]]
[2021.11.05-03.28.35:341][  0]LogConfig: Setting CVar [[r.Tonemapper.Quality:5]]
[2021.11.05-03.28.35:341][  0]LogConfig: Setting CVar [[r.DOF.Gather.AccumulatorQuality:1        ; higher gathering accumulator quality]]
[2021.11.05-03.28.35:341][  0]LogConfig: Setting CVar [[r.DOF.Gather.PostfilterMethod:1          ; Median3x3 postfilering method]]
[2021.11.05-03.28.35:341][  0]LogConfig: Setting CVar [[r.DOF.Gather.EnableBokehSettings:0       ; no bokeh simulation when gathering]]
[2021.11.05-03.28.35:341][  0]LogConfig: Setting CVar [[r.DOF.Gather.RingCount:4                 ; medium number of samples when gathering]]
[2021.11.05-03.28.35:341][  0]LogConfig: Setting CVar [[r.DOF.Scatter.ForegroundCompositing:1    ; additive foreground scattering]]
[2021.11.05-03.28.35:341][  0]LogConfig: Setting CVar [[r.DOF.Scatter.BackgroundCompositing:2    ; additive background scattering]]
[2021.11.05-03.28.35:341][  0]LogConfig: Setting CVar [[r.DOF.Scatter.EnableBokehSettings:1      ; bokeh simulation when scattering]]
[2021.11.05-03.28.35:341][  0]LogConfig: Setting CVar [[r.DOF.Scatter.MaxSpriteRatio:0.1         ; only a maximum of 10% of scattered bokeh]]
[2021.11.05-03.28.35:341][  0]LogConfig: Setting CVar [[r.DOF.Recombine.Quality:1                ; cheap slight out of focus]]
[2021.11.05-03.28.35:341][  0]LogConfig: Setting CVar [[r.DOF.Recombine.EnableBokehSettings:0    ; no bokeh simulation on slight out of focus]]
[2021.11.05-03.28.35:341][  0]LogConfig: Setting CVar [[r.DOF.TemporalAAQuality:1                ; more stable temporal accumulation]]
[2021.11.05-03.28.35:341][  0]LogConfig: Setting CVar [[r.DOF.Kernel.MaxForegroundRadius:0.025]]
[2021.11.05-03.28.35:341][  0]LogConfig: Setting CVar [[r.DOF.Kernel.MaxBackgroundRadius:0.025]]
[2021.11.05-03.28.35:341][  0]LogConfig: Applying CVar settings from Section [TextureQuality@3] File [C:/Users/marti/Documents/GitHub/041104ym/MyProject/Saved/Config/Windows/Scalability.ini]
[2021.11.05-03.28.35:341][  0]LogConfig: Setting CVar [[r.Streaming.MipBias:0]]
[2021.11.05-03.28.35:341][  0]LogConfig: Setting CVar [[r.Streaming.AmortizeCPUToGPUCopy:0]]
[2021.11.05-03.28.35:341][  0]LogConfig: Setting CVar [[r.Streaming.MaxNumTexturesToStreamPerFrame:0]]
[2021.11.05-03.28.35:341][  0]LogConfig: Setting CVar [[r.Streaming.Boost:1]]
[2021.11.05-03.28.35:341][  0]LogConfig: Setting CVar [[r.MaxAnisotropy:8]]
[2021.11.05-03.28.35:341][  0]LogConfig: Setting CVar [[r.VT.MaxAnisotropy:8]]
[2021.11.05-03.28.35:341][  0]LogConfig: Setting CVar [[r.Streaming.LimitPoolSizeToVRAM:0]]
[2021.11.05-03.28.35:341][  0]LogConfig: Setting CVar [[r.Streaming.PoolSize:1000]]
[2021.11.05-03.28.35:341][  0]LogConfig: Setting CVar [[r.Streaming.MaxEffectiveScreenSize:0]]
[2021.11.05-03.28.35:341][  0]LogConfig: Applying CVar settings from Section [EffectsQuality@3] File [C:/Users/marti/Documents/GitHub/041104ym/MyProject/Saved/Config/Windows/Scalability.ini]
[2021.11.05-03.28.35:341][  0]LogConfig: Setting CVar [[r.TranslucencyLightingVolumeDim:64]]
[2021.11.05-03.28.35:341][  0]LogConfig: Setting CVar [[r.RefractionQuality:2]]
[2021.11.05-03.28.35:341][  0]LogConfig: Setting CVar [[r.SSR.Quality:3]]
[2021.11.05-03.28.35:341][  0]LogConfig: Setting CVar [[r.SSR.HalfResSceneColor:0]]
[2021.11.05-03.28.35:341][  0]LogConfig: Setting CVar [[r.SceneColorFormat:4]]
[2021.11.05-03.28.35:341][  0]LogConfig: Setting CVar [[r.DetailMode:2]]
[2021.11.05-03.28.35:341][  0]LogConfig: Setting CVar [[r.TranslucencyVolumeBlur:1]]
[2021.11.05-03.28.35:341][  0]LogConfig: Setting CVar [[r.MaterialQualityLevel:1 ; High quality]]
[2021.11.05-03.28.35:341][  0]LogConfig: Setting CVar [[r.AnisotropicMaterials:1]]
[2021.11.05-03.28.35:341][  0]LogConfig: Setting CVar [[r.SSS.Scale:1]]
[2021.11.05-03.28.35:341][  0]LogConfig: Setting CVar [[r.SSS.SampleSet:2]]
[2021.11.05-03.28.35:341][  0]LogConfig: Setting CVar [[r.SSS.Quality:1]]
[2021.11.05-03.28.35:341][  0]LogConfig: Setting CVar [[r.SSS.HalfRes:0]]
[2021.11.05-03.28.35:341][  0]LogConfig: Setting CVar [[r.SSGI.Quality:3]]
[2021.11.05-03.28.35:341][  0]LogConfig: Setting CVar [[r.EmitterSpawnRateScale:1.0]]
[2021.11.05-03.28.35:341][  0]LogConfig: Setting CVar [[r.ParticleLightQuality:2]]
[2021.11.05-03.28.35:341][  0]LogConfig: Setting CVar [[r.SkyAtmosphere.AerialPerspectiveLUT.FastApplyOnOpaque:1 ; Always have FastSkyLUT 1 in this case to avoid wrong sky]]
[2021.11.05-03.28.35:341][  0]LogConfig: Setting CVar [[r.SkyAtmosphere.AerialPerspectiveLUT.SampleCountMaxPerSlice:4]]
[2021.11.05-03.28.35:341][  0]LogConfig: Setting CVar [[r.SkyAtmosphere.AerialPerspectiveLUT.DepthResolution:16.0]]
[2021.11.05-03.28.35:341][  0]LogConfig: Setting CVar [[r.SkyAtmosphere.FastSkyLUT:1]]
[2021.11.05-03.28.35:341][  0]LogConfig: Setting CVar [[r.SkyAtmosphere.FastSkyLUT.SampleCountMin:4.0]]
[2021.11.05-03.28.35:341][  0]LogConfig: Setting CVar [[r.SkyAtmosphere.FastSkyLUT.SampleCountMax:128.0]]
[2021.11.05-03.28.35:341][  0]LogConfig: Setting CVar [[r.SkyAtmosphere.SampleCountMin:4.0]]
[2021.11.05-03.28.35:341][  0]LogConfig: Setting CVar [[r.SkyAtmosphere.SampleCountMax:128.0]]
[2021.11.05-03.28.35:341][  0]LogConfig: Setting CVar [[r.SkyAtmosphere.TransmittanceLUT.UseSmallFormat:0]]
[2021.11.05-03.28.35:341][  0]LogConfig: Setting CVar [[r.SkyAtmosphere.TransmittanceLUT.SampleCount:10.0]]
[2021.11.05-03.28.35:341][  0]LogConfig: Setting CVar [[r.SkyAtmosphere.MultiScatteringLUT.SampleCount:15.0]]
[2021.11.05-03.28.35:341][  0]LogConfig: Setting CVar [[r.SkyLight.RealTimeReflectionCapture:1]]
[2021.11.05-03.28.35:341][  0]LogConfig: Applying CVar settings from Section [FoliageQuality@3] File [C:/Users/marti/Documents/GitHub/041104ym/MyProject/Saved/Config/Windows/Scalability.ini]
[2021.11.05-03.28.35:341][  0]LogConfig: Setting CVar [[foliage.DensityScale:1.0]]
[2021.11.05-03.28.35:341][  0]LogConfig: Setting CVar [[grass.DensityScale:1.0]]
[2021.11.05-03.28.35:341][  0]LogConfig: Applying CVar settings from Section [ShadingQuality@3] File [C:/Users/marti/Documents/GitHub/041104ym/MyProject/Saved/Config/Windows/Scalability.ini]
[2021.11.05-03.28.35:341][  0]LogConfig: Setting CVar [[r.HairStrands.SkyLighting.IntegrationType:2]]
[2021.11.05-03.28.35:341][  0]LogConfig: Setting CVar [[r.HairStrands.SkyAO.SampleCount:4]]
[2021.11.05-03.28.35:341][  0]LogConfig: Setting CVar [[r.HairStrands.Visibility.MSAA.SamplePerPixel:4]]
[2021.11.05-03.28.35:341][  0]LogConfig: Applying CVar settings from Section [Startup] File [../../../Engine/Config/ConsoleVariables.ini]
[2021.11.05-03.28.35:341][  0]LogConfig: Setting CVar [[net.UseAdaptiveNetUpdateFrequency:0]]
[2021.11.05-03.28.35:341][  0]LogConfig: Setting CVar [[p.chaos.AllowCreatePhysxBodies:1]]
[2021.11.05-03.28.35:341][  0]LogConfig: Setting CVar [[fx.SkipVectorVMBackendOptimizations:1]]
[2021.11.05-03.28.35:341][  0]LogConfig: Applying CVar settings from Section [ConsoleVariables] File [C:/Users/marti/Documents/GitHub/041104ym/MyProject/Saved/Config/Windows/Engine.ini]
[2021.11.05-03.28.35:341][  0]LogConfig: Applying CVar settings from Section [ConsoleVariables] File [C:/Users/marti/Documents/GitHub/041104ym/MyProject/Saved/Config/Windows/Editor.ini]
[2021.11.05-03.28.35:341][  0]LogInit: Computer: DESKTOP-J68SNGU
[2021.11.05-03.28.35:341][  0]LogInit: User: marti
[2021.11.05-03.28.35:341][  0]LogInit: CPU Page size=4096, Cores=6
[2021.11.05-03.28.35:341][  0]LogInit: High frequency timer resolution =10.000000 MHz
[2021.11.05-03.28.35:342][  0]LogMemory: Memory total: Physical=15.9GB (16GB approx)
[2021.11.05-03.28.35:342][  0]LogMemory: Platform Memory Stats for Windows
[2021.11.05-03.28.35:342][  0]LogMemory: Process Physical Memory: 159.15 MB used, 159.15 MB peak
[2021.11.05-03.28.35:342][  0]LogMemory: Process Virtual Memory: 131.79 MB used, 131.79 MB peak
[2021.11.05-03.28.35:342][  0]LogMemory: Physical Memory: 8076.49 MB used,  8245.52 MB free, 16322.02 MB total
[2021.11.05-03.28.35:342][  0]LogMemory: Virtual Memory: 134208968.00 MB used,  8762.56 MB free, 134217728.00 MB total
[2021.11.05-03.28.35:345][  0]LogWindows: WindowsPlatformFeatures enabled
[2021.11.05-03.28.35:374][  0]LogInit: Physics initialised using underlying interface: PhysX
[2021.11.05-03.28.35:374][  0]LogInit: Using OS detected language (en-US).
[2021.11.05-03.28.35:374][  0]LogInit: Using OS detected locale (en-US).
[2021.11.05-03.28.35:376][  0]LogTextLocalizationManager: No specific localization for 'en-US' exists, so the 'en' localization will be used.
[2021.11.05-03.28.35:528][  0]LogInit: Setting process to per monitor DPI aware
[2021.11.05-03.28.35:537][  0]LogWindowsTextInputMethodSystem: Display: IME system deactivated.
[2021.11.05-03.28.35:547][  0]LogSlate: New Slate User Created.  User Index 0, Is Virtual User: 0
[2021.11.05-03.28.35:547][  0]LogSlate: Slate User Registered.  User Index 0, Is Virtual User: 0
[2021.11.05-03.28.35:649][  0]LogD3D11RHI: Loaded GFSDK_Aftermath_Lib.x64.dll
[2021.11.05-03.28.35:651][  0]LogHMD: Failed to initialize OpenVR with code 110
[2021.11.05-03.28.35:651][  0]LogD3D11RHI: D3D11 min allowed feature level: 11_0
[2021.11.05-03.28.35:651][  0]LogD3D11RHI: D3D11 max allowed feature level: 11_0
[2021.11.05-03.28.35:651][  0]LogD3D11RHI: D3D11 adapters:
[2021.11.05-03.28.35:755][  0]LogD3D11RHI:    0. 'NVIDIA GeForce GTX 1660 SUPER' (Feature Level 11_0)
[2021.11.05-03.28.35:755][  0]LogD3D11RHI:       5991/0/8161 MB DedicatedVideo/DedicatedSystem/SharedSystem, Outputs:1, VendorId:0x10de
[2021.11.05-03.28.35:757][  0]LogD3D11RHI:    1. 'Microsoft Basic Render Driver' (Feature Level 11_0)
[2021.11.05-03.28.35:757][  0]LogD3D11RHI:       0/0/8161 MB DedicatedVideo/DedicatedSystem/SharedSystem, Outputs:0, VendorId:0x1414
[2021.11.05-03.28.35:757][  0]LogD3D11RHI: Chosen D3D11 Adapter:
[2021.11.05-03.28.35:757][  0]LogD3D11RHI:     Description : NVIDIA GeForce GTX 1660 SUPER
[2021.11.05-03.28.35:757][  0]LogD3D11RHI:     VendorId    : 10de
[2021.11.05-03.28.35:757][  0]LogD3D11RHI:     DeviceId    : 21c4
[2021.11.05-03.28.35:757][  0]LogD3D11RHI:     SubSysId    : c75a1462
[2021.11.05-03.28.35:757][  0]LogD3D11RHI:     Revision    : 00a1
[2021.11.05-03.28.35:757][  0]LogD3D11RHI:     DedicatedVideoMemory : 6282018816 bytes
[2021.11.05-03.28.35:757][  0]LogD3D11RHI:     DedicatedSystemMemory : 0 bytes
[2021.11.05-03.28.35:757][  0]LogD3D11RHI:     SharedSystemMemory : 8557436928 bytes
[2021.11.05-03.28.35:757][  0]LogD3D11RHI:     AdapterLuid : 0 54645
[2021.11.05-03.28.35:762][  0]LogD3D11RHI: Creating new Direct3DDevice
[2021.11.05-03.28.35:762][  0]LogD3D11RHI:     GPU DeviceId: 0x21c4 (for the marketing name, search the web for "GPU Device Id")
[2021.11.05-03.28.35:762][  0]LogWindows: EnumDisplayDevices:
[2021.11.05-03.28.35:762][  0]LogWindows:    0. 'NVIDIA GeForce GTX 1660 SUPER' (P:1 D:1)
[2021.11.05-03.28.35:762][  0]LogWindows:    1. 'NVIDIA GeForce GTX 1660 SUPER' (P:0 D:0)
[2021.11.05-03.28.35:763][  0]LogWindows:    2. 'NVIDIA GeForce GTX 1660 SUPER' (P:0 D:0)
[2021.11.05-03.28.35:763][  0]LogWindows:    3. 'NVIDIA GeForce GTX 1660 SUPER' (P:0 D:0)
[2021.11.05-03.28.35:763][  0]LogWindows: DebugString: FoundDriverCount:4 
[2021.11.05-03.28.35:763][  0]LogD3D11RHI:     Adapter Name: NVIDIA GeForce GTX 1660 SUPER
[2021.11.05-03.28.35:763][  0]LogD3D11RHI:   Driver Version: 461.09 (internal:27.21.14.6109, unified:461.09)
[2021.11.05-03.28.35:763][  0]LogD3D11RHI:      Driver Date: 12-31-2020
[2021.11.05-03.28.35:763][  0]LogRHI: Texture pool is 4193 MB (70% of 5991 MB)
[2021.11.05-03.28.35:763][  0]LogD3D11RHI: Creating D3DDevice using adapter:
[2021.11.05-03.28.35:763][  0]LogD3D11RHI:     Description : NVIDIA GeForce GTX 1660 SUPER
[2021.11.05-03.28.35:763][  0]LogD3D11RHI:     VendorId    : 10de
[2021.11.05-03.28.35:763][  0]LogD3D11RHI:     DeviceId    : 21c4
[2021.11.05-03.28.35:763][  0]LogD3D11RHI:     SubSysId    : c75a1462
[2021.11.05-03.28.35:763][  0]LogD3D11RHI:     Revision    : 00a1
[2021.11.05-03.28.35:763][  0]LogD3D11RHI:     DedicatedVideoMemory : 6282018816 bytes
[2021.11.05-03.28.35:763][  0]LogD3D11RHI:     DedicatedSystemMemory : 0 bytes
[2021.11.05-03.28.35:763][  0]LogD3D11RHI:     SharedSystemMemory : 8557436928 bytes
[2021.11.05-03.28.35:763][  0]LogD3D11RHI:     AdapterLuid : 0 54645
[2021.11.05-03.28.35:835][  0]LogD3D11RHI: RHI has support for 64 bit atomics
[2021.11.05-03.28.35:835][  0]LogD3D11RHI: Async texture creation enabled
[2021.11.05-03.28.35:835][  0]LogD3D11RHI: Array index from any shader is supported
[2021.11.05-03.28.35:836][  0]LogD3D11RHI: HDR output is supported on display 0 (NvId: 0x80061087).
[2021.11.05-03.28.35:848][  0]LogD3D11RHI: GPU Timing Frequency: 1000.000000 (Debug: 2 1)
[2021.11.05-03.28.35:889][  0]LogRHI: GeForceNow SDK initialized: 1
[2021.11.05-03.28.36:130][  0]LogTargetPlatformManager: Display: Loaded TargetPlatform 'AllDesktop'
[2021.11.05-03.28.36:147][  0]LogTargetPlatformManager: Display: Loaded TargetPlatform 'Android'
[2021.11.05-03.28.36:147][  0]LogTargetPlatformManager: Display: Loaded TargetPlatform 'Android_ASTC'
[2021.11.05-03.28.36:148][  0]LogTargetPlatformManager: Display: Loaded TargetPlatform 'Android_DXT'
[2021.11.05-03.28.36:148][  0]LogTargetPlatformManager: Display: Loaded TargetPlatform 'Android_ETC2'
[2021.11.05-03.28.36:148][  0]LogTargetPlatformManager: Display: Loaded TargetPlatform 'AndroidClient'
[2021.11.05-03.28.36:148][  0]LogTargetPlatformManager: Display: Loaded TargetPlatform 'Android_ASTCClient'
[2021.11.05-03.28.36:148][  0]LogTargetPlatformManager: Display: Loaded TargetPlatform 'Android_DXTClient'
[2021.11.05-03.28.36:148][  0]LogTargetPlatformManager: Display: Loaded TargetPlatform 'Android_ETC2Client'
[2021.11.05-03.28.36:148][  0]LogTargetPlatformManager: Display: Loaded TargetPlatform 'Android_Multi'
[2021.11.05-03.28.36:148][  0]LogTargetPlatformManager: Display: Loaded TargetPlatform 'Android_MultiClient'
[2021.11.05-03.28.36:162][  0]LogTargetPlatformManager: Display: Loaded TargetPlatform 'IOSClient'
[2021.11.05-03.28.36:162][  0]LogTargetPlatformManager: Display: Loaded TargetPlatform 'IOS'
[2021.11.05-03.28.36:170][  0]LogTargetPlatformManager: Display: Loaded TargetPlatform 'Linux'
[2021.11.05-03.28.36:173][  0]LogTargetPlatformManager: Display: Loaded TargetPlatform 'LinuxNoEditor'
[2021.11.05-03.28.36:177][  0]LogTargetPlatformManager: Display: Loaded TargetPlatform 'LinuxClient'
[2021.11.05-03.28.36:180][  0]LogTargetPlatformManager: Display: Loaded TargetPlatform 'LinuxServer'
[2021.11.05-03.28.36:187][  0]LogTargetPlatformManager: Display: Loaded TargetPlatform 'LinuxAArch64NoEditor'
[2021.11.05-03.28.36:191][  0]LogTargetPlatformManager: Display: Loaded TargetPlatform 'LinuxAArch64Client'
[2021.11.05-03.28.36:194][  0]LogTargetPlatformManager: Display: Loaded TargetPlatform 'LinuxAArch64Server'
[2021.11.05-03.28.36:214][  0]LogTargetPlatformManager: Display: Loaded TargetPlatform 'Lumin'
[2021.11.05-03.28.36:214][  0]LogTargetPlatformManager: Display: Loaded TargetPlatform 'LuminClient'
[2021.11.05-03.28.36:220][  0]LogTargetPlatformManager: Display: Loaded TargetPlatform 'MacNoEditor'
[2021.11.05-03.28.36:224][  0]LogTargetPlatformManager: Display: Loaded TargetPlatform 'Mac'
[2021.11.05-03.28.36:227][  0]LogTargetPlatformManager: Display: Loaded TargetPlatform 'MacClient'
[2021.11.05-03.28.36:230][  0]LogTargetPlatformManager: Display: Loaded TargetPlatform 'MacServer'
[2021.11.05-03.28.36:238][  0]LogTargetPlatformManager: Display: Loaded TargetPlatform 'TVOSClient'
[2021.11.05-03.28.36:238][  0]LogTargetPlatformManager: Display: Loaded TargetPlatform 'TVOS'
[2021.11.05-03.28.36:245][  0]LogTargetPlatformManager: Display: Loaded TargetPlatform 'WindowsNoEditor'
[2021.11.05-03.28.36:248][  0]LogTargetPlatformManager: Display: Loaded TargetPlatform 'Windows'
[2021.11.05-03.28.36:251][  0]LogTargetPlatformManager: Display: Loaded TargetPlatform 'WindowsClient'
[2021.11.05-03.28.36:254][  0]LogTargetPlatformManager: Display: Loaded TargetPlatform 'WindowsServer'
[2021.11.05-03.28.36:254][  0]LogTargetPlatformManager: Display: Building Assets For Windows
[2021.11.05-03.28.36:259][  0]LogAudioDebug: Display: Lib vorbis DLL was dynamically loaded.
[2021.11.05-03.28.36:280][  0]LogTextureFormatOodle: Display: Oodle Texture 2.9.0 init RDO Off
[2021.11.05-03.28.36:302][  0]LogRendererCore: Ray tracing is disabled. Reason: r.RayTracing=0.
[2021.11.05-03.28.36:302][  0]LogShaderCompilers: Guid format shader working directory is -5 characters bigger than the processId version (C:/Users/marti/Documents/GitHub/041104ym/MyProject/Intermediate/Shaders/WorkingDirectory/19096/).
[2021.11.05-03.28.36:302][  0]LogShaderCompilers: Cleaned the shader compiler working directory 'C:/Users/marti/AppData/Local/Temp/UnrealShaderWorkingDir/265FEE6D40B955B527A156ADEEADE207/'.
[2021.11.05-03.28.36:303][  0]LogXGEController: Cannot use XGE Controller as Incredibuild is not installed on this machine.
[2021.11.05-03.28.36:303][  0]LogShaderCompilers: Cannot use XGE Shader Compiler as Incredibuild is not installed on this machine.
[2021.11.05-03.28.36:303][  0]LogShaderCompilers: Display: Using Local Shader Compiler.
[2021.11.05-03.28.36:984][  0]LogDerivedDataCache: Display: Max Cache Size: 512 MB
[2021.11.05-03.28.37:044][  0]LogDerivedDataCache: Loaded boot cache 0.06s 94MB C:/Users/marti/AppData/Local/UnrealEngine/4.27/DerivedDataCache/Boot.ddc.
[2021.11.05-03.28.37:044][  0]LogDerivedDataCache: Display: Loaded Boot cache: C:/Users/marti/AppData/Local/UnrealEngine/4.27/DerivedDataCache/Boot.ddc
[2021.11.05-03.28.37:044][  0]LogDerivedDataCache: FDerivedDataBackendGraph:  Pak pak cache file C:/Users/marti/Documents/GitHub/041104ym/MyProject/DerivedDataCache/DDC.ddp not found, will not use a pak cache.
[2021.11.05-03.28.37:044][  0]LogDerivedDataCache: Unable to find inner node Pak for hierarchical cache Hierarchy.
[2021.11.05-03.28.37:044][  0]LogDerivedDataCache: FDerivedDataBackendGraph:  CompressedPak pak cache file C:/Users/marti/Documents/GitHub/041104ym/MyProject/DerivedDataCache/Compressed.ddp not found, will not use a pak cache.
[2021.11.05-03.28.37:044][  0]LogDerivedDataCache: Unable to find inner node CompressedPak for hierarchical cache Hierarchy.
[2021.11.05-03.28.37:058][  0]LogDerivedDataCache: Display: Pak cache opened for reading ../../../Engine/DerivedDataCache/Compressed.ddp.
[2021.11.05-03.28.37:058][  0]LogDerivedDataCache: FDerivedDataBackendGraph:  EnterprisePak pak cache file ../../../Enterprise/DerivedDataCache/Compressed.ddp not found, will not use a pak cache.
[2021.11.05-03.28.37:058][  0]LogDerivedDataCache: Unable to find inner node EnterprisePak for hierarchical cache Hierarchy.
[2021.11.05-03.28.37:069][  0]LogDerivedDataCache: Speed tests for C:/Users/marti/AppData/Local/UnrealEngine/Common/DerivedDataCache took 0.01 seconds
[2021.11.05-03.28.37:069][  0]LogDerivedDataCache: Display: Performance to C:/Users/marti/AppData/Local/UnrealEngine/Common/DerivedDataCache: Latency=0.03ms. RandomReadSpeed=1276.52MBs, RandomWriteSpeed=99.56MBs. Assigned SpeedClass 'Local'
[2021.11.05-03.28.37:069][  0]LogDerivedDataCache: Using Local data cache path C:/Users/marti/AppData/Local/UnrealEngine/Common/DerivedDataCache: Writable
[2021.11.05-03.28.37:070][  0]LogDerivedDataCache: Shared data cache path not found in *engine.ini, will not use an Shared cache.
[2021.11.05-03.28.37:070][  0]LogDerivedDataCache: Unable to find inner node Shared for hierarchical cache Hierarchy.
[2021.11.05-03.28.37:111][  0]LogSlate: Using FreeType 2.10.0
[2021.11.05-03.28.37:111][  0]LogSlate: SlateFontServices - WITH_FREETYPE: 1, WITH_HARFBUZZ: 1
[2021.11.05-03.28.37:129][  0]LogAssetRegistry: FAssetRegistry took 0.0021 seconds to start up
[2021.11.05-03.28.37:335][  0]LogInit: Selected Device Profile: [Windows]
[2021.11.05-03.28.37:335][  0]LogInit: Active device profile: [0000019E16286B00][0000019E148DD940 49] Windows
[2021.11.05-03.28.37:335][  0]LogInit: Profiles: [0000019E16286B00][0000019E148DD940 49] Windows, [0000019E16241700][0000019E148E5AC0 49] WindowsNoEditor, [0000019E16285700][0000019E148F00C0 49] WindowsServer, [0000019E16242200][0000019E148F8240 49] WindowsClient, [0000019E16286100][0000019E148FC3C0 49] IOS, [0000019E16243D00][0000019E14900540 49] iPadAir, [0000019E16286900][0000019E148E0680 49] iPadAir2, [0000019E15F7EB00][0000019E1490E8C0 49] IPadPro, [0000019E15F7EC00][0000019E0E284900 49] iPadAir3, [0000019E16285900][0000019E16FA8A80 49] iPadAir4, [0000019E15F7F400][0000019E16FB8C00 49] iPadMini2, [0000019E16285C00][0000019E16FBCD80 49] iPadMini3, [0000019E15F7D200][0000019E14B04F00 49] iPadMini4, [0000019E16284B00][0000019E14B0D080 49] iPadMini5, [0000019E1600A400][0000019E16E05340 49] iPhone6, [0000019E1600A500][0000019E16E01380 49] iPodTouch6, [0000019E15F7DF00][0000019E16E0D640 49] iPhone7, [0000019E15F7E000][0000019E16E09680 49] iPodTouch7, [0000019E1600AC00][0000019E16E11800 49] iPhone5S, [0000019E15F7CA00][0000019E16E15980 49] iPhone6Plus, [0000019E16009200][0000019E16E19B00 49] iPhone6S, [0000019E15F7FD00][0000019E16E1C100 49] iPhone6SPlus, [0000019E1600A700][0000019E16E20280 49] iPhone7Plus, [0000019E15F7EE00][0000019E16E24400 49] iPhoneSE, [0000019E1600AF00][0000019E16E28580 49] iPhone8, [0000019E15F7E400][0000019E16E2C700 49] iPhone8Plus, [0000019E16008100][0000019E16FA4840 49] iPhoneX, [0000019E15F7FE00][0000019E16E30980 49] iPhoneXS, [0000019E1600BD00][0000019E16E34AC0 49] iPhoneXSMax, [0000019E15F7D100][0000019E16E3CC40 49] iPhoneXR, [0000019E1600A600][0000019E172F4DC0 49] iPhone11, [0000019E15F7E200][0000019E172F8F40 49] iPhone11Pro, [0000019E1600AA00][0000019E172FD0C0 49] iPhone11ProMax, [0000019E15F7CF00][0000019E17301240 49] iPhoneSE2, [0000019E1600BA00][0000019E173053C0 49] iPhone12Mini, [0000019E15F7D700][0000019E17309540 49] iPhone12, [0000019E16008800][0000019E1730D6C0 49] iPhone12Pro, [0000019E15F7DD00][0000019E17311840 49] iPhone12ProMax, [0000019E1600B400][0000019E173159C0 49] iPadPro105, [0000019E15F7C400][0000019E17319B40 49] iPadPro129, [0000019E16009C00][0000019E1731C140 49] iPadPro97, [0000019E15F7E100][0000019E173202C0 49] iPadPro2_129, [0000019E1600A100][0000019E17324440 49] iPad5, [0000019E15F7F200][0000019E173285C0 49] iPad6, [0000019E16008B00][0000019E1732C740 49] iPad7, [0000019E15F7F800][0000019E173308C0 49] iPad8, [0000019E16009F00][0000019E16E38A00 49] iPadPro11, [0000019E15F7F300][0000019E17334B40 49] iPadPro2_11, [0000019E16008900][0000019E17338C80 49] iPadPro3_129, [0000019E15F7F600][0000019E1733CDC0 49] iPadPro4_129, [0000019E16241900][0000019E17344F40 49] AppleTV, [0000019E163FD800][0000019E173490C0 49] AppleTV4K, [0000019E16243700][0000019E1734D240 49] TVOS, [0000019E163FCC00][0000019E173513C0 49] Mac, [0000019E16241200][0000019E17355540 49] MacClient, [0000019E163FCF00][0000019E173596C0 49] MacNoEditor, [0000019E16243900][0000019E1735D840 49] MacServer, [0000019E163FC300][0000019E173619C0 49] Linux, [0000019E16240100][0000019E17365B40 49] LinuxAArch64, [0000019E163FCB00][0000019E17368140 49] LinuxNoEditor, [0000019E16240A00][0000019E1736C2C0 49] LinuxAArch64NoEditor, [0000019E163FDC00][0000019E17370440 49] LinuxClient, [0000019E16243200][0000019E173745C0 49] LinuxAArch64Client, [0000019E163FC800][0000019E17378740 49] LinuxServer, [0000019E16243B00][0000019E1737C8C0 49] LinuxAArch64Server, [0000019E163FD000][0000019E17380A40 49] Android, [0000019E15F7D000][0000019E17340B80 49] Android_Low, [0000019E1600B300][0000019E17384CC0 49] Android_Mid, [0000019E15F7E600][0000019E17388E00 49] Android_High, [0000019E16009700][0000019E1738CF40 49] Android_Default, [0000019E15F7D400][0000019E173950C0 49] Android_Adreno4xx, [0000019E1600B100][0000019E17399240 49] Android_Adreno5xx_Low, [0000019E15F7F700][0000019E1739D3C0 49] Android_Adreno5xx, [0000019E1600A300][0000019E173A1540 49] Android_Adreno6xx, [0000019E15F7CC00][0000019E173A56C0 49] Android_Adreno6xx_Vulkan, [0000019E16009800][0000019E173A9840 49] Android_Mali_T6xx, [0000019E15F7D800][0000019E173AD9C0 49] Android_Mali_T7xx, [0000019E1600A200][0000019E173B1B40 49] Android_Mali_T8xx, [0000019E15F7EF00][0000019E173B4140 49] Android_Mali_G71, [0000019E16009000][0000019E173B82C0 49] Android_Mali_G72, [0000019E15F7C500][0000019E173BC440 49] Android_Mali_G72_Vulkan, [0000019E16009500][0000019E173C05C0 49] Android_Mali_G76, [0000019E15F7C100][0000019E173C4740 49] Android_Mali_G76_Vulkan, [0000019E16009100][0000019E173C88C0 49] Android_Mali_G77, [0000019E163FC400][0000019E173CCA40 49] Android_Mali_G77_Vulkan, [0000019E16009D00][0000019E765C4BC0 49] Android_Mali_G78, [0000019E163FC500][0000019E765C8D40 49] Android_Mali_G78_Vulkan, [0000019E1600A000][0000019E17390E80 49] Android_Mali_G710, [0000019E15F7DC00][0000019E765CCFC0 49] Android_Mali_G710_Vulkan, [0000019E1600AD00][0000019E765D1100 49] Android_Vulkan_SM5, [0000019E15F7D500][0000019E765D9280 49] Android_PowerVR_G6xxx, [0000019E16008400][0000019E765DD400 49] Android_PowerVR_GT7xxx, [0000019E15F7F000][0000019E765E1580 49] Android_PowerVR_GE8xxx, [0000019E1600B000][0000019E765E5700 49] Android_PowerVR_GM9xxx, [0000019E15F7D900][0000019E765E9880 49] Android_PowerVR_GM9xxx_Vulkan, [0000019E16008700][0000019E765EDA00 49] Android_TegraK1, [0000019E15F7FC00][0000019E765F1B80 49] Android_Unknown_Vulkan, [0000019E16008600][0000019E173E0180 49] Lumin, [0000019E15F7EA00][0000019E173E4300 49] Lumin_Desktop, [0000019E16009B00][0000019E173E8480 49] HoloLens, 
[2021.11.05-03.28.37:443][  0]LogMeshReduction: Using QuadricMeshReduction for automatic static mesh reduction
[2021.11.05-03.28.37:443][  0]LogMeshReduction: Using SimplygonMeshReduction for automatic skeletal mesh reduction
[2021.11.05-03.28.37:443][  0]LogMeshReduction: Using ProxyLODMeshReduction for automatic mesh merging
[2021.11.05-03.28.37:443][  0]LogMeshReduction: No distributed automatic mesh merging module available
[2021.11.05-03.28.37:443][  0]LogMeshMerging: No distributed automatic mesh merging module available
[2021.11.05-03.28.37:454][  0]LogNetVersion: MyProject 1.0.0, NetCL: 17155196, EngineNetVer: 17, GameNetVer: 0 (Checksum: 3629800737)
[2021.11.05-03.28.37:753][  0]LogTexture: Default maximum texture size for cubemaps generated from long-lat sources has been changed from 512 to unlimited. In order to preserve old behaiour for '/Engine/MapTemplates/Sky/DaylightAmbientCubemap.DaylightAmbientCubemap', its maximum texture size has been explicitly set to 512.
[2021.11.05-03.28.37:797][  0]LogHMD: PokeAHoleMaterial loaded successfully
[2021.11.05-03.28.37:802][  0]LogUObjectArray: 17178 objects as part of root set at end of initial load.
[2021.11.05-03.28.37:802][  0]LogUObjectAllocator: 4301856 out of 0 bytes used by permanent object pool.
[2021.11.05-03.28.37:802][  0]LogUObjectArray: CloseDisregardForGC: 0/0 objects in disregard for GC pool
[2021.11.05-03.28.38:065][  0]LogNiagaraDebuggerClient: Niagara Debugger Client Initialized | Session: F52401A24E49850D115C2BB5EBA2AC0F | Instance: 0025A66D4BC222B20F5B21BE3B7AED2C (DESKTOP-J68SNGU-19096).
[2021.11.05-03.28.38:104][  0]LogImageWrapper: Warning: PNG Warning: Duplicate iCCP chunk
[2021.11.05-03.28.38:104][  0]LogImageWrapper: Warning: PNG Warning: Duplicate iCCP chunk
[2021.11.05-03.28.38:104][  0]LogTcpMessaging: Initializing TcpMessaging bridge
[2021.11.05-03.28.38:139][  0]LogUdpMessaging: Initializing bridge on interface 0.0.0.0:0 to multicast group 230.0.0.1:6666.
[2021.11.05-03.28.38:583][  0]LogPython: Using Python 3.7.7
[2021.11.05-03.28.39:130][  0]SourceControl: Source control is disabled
[2021.11.05-03.28.39:130][  0]SourceControl: Source control is disabled
[2021.11.05-03.28.39:132][  0]SourceControl: Source control is disabled
[2021.11.05-03.28.39:134][  0]SourceControl: Source control is disabled
[2021.11.05-03.28.39:141][  0]SourceControl: Source control is disabled
[2021.11.05-03.28.39:145][  0]LogUProjectInfo: Found projects:
[2021.11.05-03.28.39:315][  0]LogOpenImageDenoise: OIDN starting up
[2021.11.05-03.28.39:330][  0]LogAndroidPermission: UAndroidPermissionCallbackProxy::GetInstance
[2021.11.05-03.28.39:346][  0]LogAudioCaptureCore: Display: No Audio Capture implementations found. Audio input will be silent.
[2021.11.05-03.28.39:346][  0]LogAudioCaptureCore: Display: No Audio Capture implementations found. Audio input will be silent.
[2021.11.05-03.28.39:442][  0]LogCollectionManager: Loaded 0 collections in 0.000692 seconds
[2021.11.05-03.28.39:461][  0]LogFileCache: Scanning file cache for directory 'C:/Users/marti/Documents/GitHub/041104ym/MyProject/Saved/Collections/' took 0.00s
[2021.11.05-03.28.39:461][  0]LogFileCache: Scanning file cache for directory 'C:/Users/marti/Documents/GitHub/041104ym/MyProject/Content/Developers/marti/Collections/' took 0.00s
[2021.11.05-03.28.39:461][  0]LogFileCache: Scanning file cache for directory 'C:/Users/marti/Documents/GitHub/041104ym/MyProject/Content/Collections/' took 0.00s
[2021.11.05-03.28.39:461][  0]LogOcInput: OculusInput pre-init called
[2021.11.05-03.28.39:639][  0]LogImageWrapper: Warning: PNG Warning: Duplicate iCCP chunk
[2021.11.05-03.28.39:639][  0]LogImageWrapper: Warning: PNG Warning: Duplicate iCCP chunk
[2021.11.05-03.28.39:639][  0]LogEngine: Initializing Engine...
[2021.11.05-03.28.39:642][  0]LogHMD: Failed to enumerate extensions. Please check that you have a valid OpenXR runtime installed.
[2021.11.05-03.28.39:642][  0]LogHMD: Failed to initialize OpenVR with code 110
[2021.11.05-03.28.39:642][  0]LogMagicLeap: Warning: VR disabled because ZI is not enabled.  To enable, in the editor, Edit -> Project Settings -> Plugins -> Magic Leap Plugin -> Enable Zero Iteration
[2021.11.05-03.28.39:643][  0]LogStats: UGameplayTagsManager::InitializeManager -  0.000 s
[2021.11.05-03.28.39:753][  0]LogInit: Initializing FReadOnlyCVARCache
[2021.11.05-03.28.39:759][  0]LogAIModule: Creating AISystem for world Untitled
[2021.11.05-03.28.39:761][  0]LogAudio: Display: Initializing Audio Device Manager...
[2021.11.05-03.28.39:763][  0]LogAudio: Display: Loading Default Audio Settings Objects...
[2021.11.05-03.28.39:764][  0]LogAudio: Display: No default SoundConcurrencyObject specified (or failed to load).
[2021.11.05-03.28.39:764][  0]LogAudio: Display: Audio Device Manager Initialized
[2021.11.05-03.28.39:764][  0]LogAudio: Display: Creating Audio Device:                 Id: 1, Scope: Shared, Realtime: True
[2021.11.05-03.28.39:764][  0]LogAudioMixer: Display: Audio Mixer Platform Settings:
[2021.11.05-03.28.39:764][  0]LogAudioMixer: Display: 	Sample Rate:						  48000
[2021.11.05-03.28.39:764][  0]LogAudioMixer: Display: 	Callback Buffer Frame Size Requested: 1024
[2021.11.05-03.28.39:764][  0]LogAudioMixer: Display: 	Callback Buffer Frame Size To Use:	  1024
[2021.11.05-03.28.39:764][  0]LogAudioMixer: Display: 	Number of buffers to queue:			  2
[2021.11.05-03.28.39:764][  0]LogAudioMixer: Display: 	Max Channels (voices):				  32
[2021.11.05-03.28.39:764][  0]LogAudioMixer: Display: 	Number of Async Source Workers:		  0
[2021.11.05-03.28.39:764][  0]LogAudio: Display: AudioDevice MaxSources: 32
[2021.11.05-03.28.39:765][  0]LogAudio: Display: Audio Spatialization Plugin: None (built-in).
[2021.11.05-03.28.39:765][  0]LogAudio: Display: Audio Reverb Plugin: None (built-in).
[2021.11.05-03.28.39:765][  0]LogAudio: Display: Audio Occlusion Plugin: None (built-in).
[2021.11.05-03.28.39:765][  0]LogAudioMixer: Display: Initializing audio mixer.
[2021.11.05-03.28.39:774][  0]LogAudioMixer: Display: 0: FrontLeft
[2021.11.05-03.28.39:774][  0]LogAudioMixer: Display: 1: FrontRight
[2021.11.05-03.28.39:794][  0]LogAudioMixer: Display: Using Audio Device LG TV SSCR (2- NVIDIA High Definition Audio)
[2021.11.05-03.28.39:795][  0]LogAudioMixer: Display: Initializing Sound Submixes...
[2021.11.05-03.28.39:797][  0]LogAudioMixer: Display: Creating Master Submix 'MasterSubmixDefault'
[2021.11.05-03.28.39:797][  0]LogAudioMixer: Display: Creating Master Submix 'MasterReverbSubmixDefault'
[2021.11.05-03.28.39:798][  0]LogAudioMixer: Display: Creating Master Submix 'MasterEQSubmixDefault'
[2021.11.05-03.28.39:798][  0]LogAudioMixer: FMixerPlatformXAudio2::StartAudioStream() called
[2021.11.05-03.28.39:798][  0]LogAudioMixer: Display: Output buffers initialized: Frames=1024, Channels=2, Samples=2048
[2021.11.05-03.28.39:799][  0]LogAudioMixer: Display: Starting AudioMixerPlatformInterface::RunInternal()
[2021.11.05-03.28.39:799][  0]LogAudioMixer: Display: FMixerPlatformXAudio2::SubmitBuffer() called for the first time
[2021.11.05-03.28.39:799][  0]LogInit: FAudioDevice initialized.
[2021.11.05-03.28.39:799][  0]LogAudio: Display: Audio Device (ID: 1) registered with world 'Untitled'.
[2021.11.05-03.28.39:799][  0]LogNetVersion: Set ProjectVersion to 1.0.0.0. Version Checksum will be recalculated on next use.
[2021.11.05-03.28.39:843][  0]LogDerivedDataCache: Saved boot cache 0.04s 94MB C:/Users/marti/AppData/Local/UnrealEngine/4.27/DerivedDataCache/Boot.ddc.
[2021.11.05-03.28.39:843][  0]LogInit: Texture streaming: Enabled
[2021.11.05-03.28.39:852][  0]LogAnalytics: Display: [UEEditor.Rocket.Release] APIServer = https://datarouter.ol.epicgames.com/. AppVersion = 4.27.1-17735300+++UE4+Release-4.27
[2021.11.05-03.28.39:857][  0]LogEngineSessionManager: EngineSessionManager initialized
[2021.11.05-03.28.39:857][  0]LogEditorSessionSummary: Verbose: Initializing EditorSessionSummaryWriter for editor session tracking
[2021.11.05-03.28.39:865][  0]LogEditorSessionSummary: EditorSessionSummaryWriter initialized
[2021.11.05-03.28.39:878][  0]LogInit: Transaction tracking system initialized
[2021.11.05-03.28.39:892][  0]BlueprintLog: New page: Editor Load
[2021.11.05-03.28.39:980][  0]LocalizationService: Localization service is disabled
[2021.11.05-03.28.39:997][  0]TimingProfiler: Initialize
[2021.11.05-03.28.39:997][  0]TimingProfiler: OnSessionChanged
[2021.11.05-03.28.39:997][  0]LoadingProfiler: Initialize
[2021.11.05-03.28.39:997][  0]LoadingProfiler: OnSessionChanged
[2021.11.05-03.28.39:997][  0]NetworkingProfiler: Initialize
[2021.11.05-03.28.39:997][  0]NetworkingProfiler: OnSessionChanged
[2021.11.05-03.28.39:997][  0]MemoryProfiler: Initialize
[2021.11.05-03.28.39:997][  0]MemoryProfiler: OnSessionChanged
[2021.11.05-03.28.40:145][  0]LogCook: Display: CookSettings for Memory: MemoryMaxUsedVirtual 0MiB, MemoryMaxUsedPhysical 16384MiB, MemoryMinFreeVirtual 0MiB, MemoryMinFreePhysical 1024MiB
[2021.11.05-03.28.40:145][  0]LogCook: Display: Mobile HDR setting 1
[2021.11.05-03.28.40:148][  0]LogFileCache: Scanning file cache for directory 'C:/Users/marti/Documents/GitHub/041104ym/MyProject/Content/' took 0.00s
[2021.11.05-03.28.40:425][  0]LogImageWrapper: Warning: PNG Warning: Duplicate iCCP chunk
[2021.11.05-03.28.40:425][  0]LogImageWrapper: Warning: PNG Warning: Duplicate iCCP chunk
[2021.11.05-03.28.40:425][  0]LogInit: Display: Engine is initialized. Leaving FEngineLoop::Init()
[2021.11.05-03.28.40:433][  0]SourceControl: Source control is disabled
[2021.11.05-03.28.40:433][  0]LogUnrealEdMisc: Loading editor; pre map load, took 6.101
[2021.11.05-03.28.40:433][  0]Cmd: MAP LOAD FILE="C:/Users/marti/Documents/GitHub/041104ym/MyProject/Content/ThirdPersonBP/Maps/ThirdPersonExampleMap.umap" TEMPLATE=0 SHOWPROGRESS=1 FEATURELEVEL=3
[2021.11.05-03.28.40:435][  0]LightingResults: New page: Lighting Build
[2021.11.05-03.28.40:436][  0]LogWorld: UWorld::CleanupWorld for Untitled, bSessionEnded=true, bCleanupResources=true
[2021.11.05-03.28.40:436][  0]LogSlate: InvalidateAllWidgets triggered.  All widgets were invalidated
[2021.11.05-03.28.40:436][  0]MapCheck: New page: Map Check
[2021.11.05-03.28.40:436][  0]LightingResults: New page: Lighting Build
[2021.11.05-03.28.40:440][  0]LogAudio: Display: Audio Device unregistered from world 'None'.
[2021.11.05-03.28.40:443][  0]LogUObjectHash: Compacting FUObjectHashTables data took   0.70ms
[2021.11.05-03.28.40:576][  0]LogAudio: Display: Audio Device (ID: 1) registered with world 'ThirdPersonExampleMap'.
[2021.11.05-03.28.40:576][  0]LogAIModule: Creating AISystem for world ThirdPersonExampleMap
[2021.11.05-03.28.40:581][  0]LogEditorServer: Finished looking for orphan Actors (0.000 secs)
[2021.11.05-03.28.40:587][  0]LogUObjectHash: Compacting FUObjectHashTables data took   0.79ms
[2021.11.05-03.28.40:587][  0]Cmd: MAP CHECKDEP NOCLEARLOG
[2021.11.05-03.28.40:587][  0]MapCheck: Map check complete: 0 Error(s), 0 Warning(s), took 0.141ms to complete.
[2021.11.05-03.28.40:587][  0]LogFileHelpers: Loading map 'ThirdPersonExampleMap' took 0.155
[2021.11.05-03.28.40:589][  0]LogUnrealEdMisc: Total Editor Startup Time, took 6.258
[2021.11.05-03.28.40:713][  0]LogSlate: Updating window title bar state: overlay mode, drag disabled, window buttons hidden, title bar hidden
[2021.11.05-03.28.40:718][  0]LogSlate: Updating window title bar state: overlay mode, drag disabled, window buttons hidden, title bar hidden
[2021.11.05-03.28.40:722][  0]LogSlate: Updating window title bar state: overlay mode, drag disabled, window buttons hidden, title bar hidden
[2021.11.05-03.28.40:727][  0]LogSlate: Updating window title bar state: overlay mode, drag disabled, window buttons hidden, title bar hidden
[2021.11.05-03.28.40:741][  0]LogNativeClassHierarchy: Verbose: Native class hierarchy populated in 0.0081 seconds. Added 3822 classes and 928 folders.
[2021.11.05-03.28.40:743][  0]LogNativeClassHierarchy: Verbose: Native class hierarchy updated for 'WidgetCarousel' in 0.0002 seconds. Added 0 classes and 0 folders.
[2021.11.05-03.28.40:744][  0]LogPakFile: PakFile PrimaryIndexSize=187
[2021.11.05-03.28.40:744][  0]LogPakFile: PakFile PathHashIndexSize=101
[2021.11.05-03.28.40:744][  0]LogPakFile: PakFile FullDirectoryIndexSize=148
[2021.11.05-03.28.40:744][  0]LogShaderLibrary: Display: ShaderCodeLibraryPakFileMountedCallback: PakFile 'D:/unreal/UE_4.27/FeaturePacks/FP_FirstPerson.upack' (chunk index -1, root 'root:/') mounted
[2021.11.05-03.28.40:744][  0]LogShaderLibrary: Display: ShaderCodeLibraryPakFileMountedCallback: pending pak file info (ChunkID:-1 Root:root:/ File:D:/unreal/UE_4.27/FeaturePacks/FP_FirstPerson.upack)
[2021.11.05-03.28.40:744][  0]LogPakFile: OnPakFileMounted2Time == 0.000050
[2021.11.05-03.28.40:744][  0]LogPakFile: PakFile PrimaryIndexSize=189
[2021.11.05-03.28.40:744][  0]LogPakFile: PakFile PathHashIndexSize=101
[2021.11.05-03.28.40:744][  0]LogPakFile: PakFile FullDirectoryIndexSize=152
[2021.11.05-03.28.40:745][  0]LogShaderLibrary: Display: ShaderCodeLibraryPakFileMountedCallback: PakFile 'D:/unreal/UE_4.27/FeaturePacks/FP_FirstPersonBP.upack' (chunk index -1, root 'root:/') mounted
[2021.11.05-03.28.40:745][  0]LogShaderLibrary: Display: ShaderCodeLibraryPakFileMountedCallback: pending pak file info (ChunkID:-1 Root:root:/ File:D:/unreal/UE_4.27/FeaturePacks/FP_FirstPersonBP.upack)
[2021.11.05-03.28.40:745][  0]LogPakFile: OnPakFileMounted2Time == 0.000033
[2021.11.05-03.28.40:745][  0]LogPakFile: PakFile PrimaryIndexSize=191
[2021.11.05-03.28.40:745][  0]LogPakFile: PakFile PathHashIndexSize=101
[2021.11.05-03.28.40:745][  0]LogPakFile: PakFile FullDirectoryIndexSize=160
[2021.11.05-03.28.40:745][  0]LogShaderLibrary: Display: ShaderCodeLibraryPakFileMountedCallback: PakFile 'D:/unreal/UE_4.27/FeaturePacks/MobileStarterContent.upack' (chunk index -1, root 'root:/') mounted
[2021.11.05-03.28.40:745][  0]LogShaderLibrary: Display: ShaderCodeLibraryPakFileMountedCallback: pending pak file info (ChunkID:-1 Root:root:/ File:D:/unreal/UE_4.27/FeaturePacks/MobileStarterContent.upack)
[2021.11.05-03.28.40:745][  0]LogPakFile: OnPakFileMounted2Time == 0.000029
[2021.11.05-03.28.40:745][  0]LogPakFile: PakFile PrimaryIndexSize=185
[2021.11.05-03.28.40:745][  0]LogPakFile: PakFile PathHashIndexSize=101
[2021.11.05-03.28.40:745][  0]LogPakFile: PakFile FullDirectoryIndexSize=148
[2021.11.05-03.28.40:745][  0]LogShaderLibrary: Display: ShaderCodeLibraryPakFileMountedCallback: PakFile 'D:/unreal/UE_4.27/FeaturePacks/StarterContent.upack' (chunk index -1, root 'root:/') mounted
[2021.11.05-03.28.40:745][  0]LogShaderLibrary: Display: ShaderCodeLibraryPakFileMountedCallback: pending pak file info (ChunkID:-1 Root:root:/ File:D:/unreal/UE_4.27/FeaturePacks/StarterContent.upack)
[2021.11.05-03.28.40:745][  0]LogPakFile: OnPakFileMounted2Time == 0.000030
[2021.11.05-03.28.40:746][  0]LogPakFile: PakFile PrimaryIndexSize=190
[2021.11.05-03.28.40:746][  0]LogPakFile: PakFile PathHashIndexSize=101
[2021.11.05-03.28.40:746][  0]LogPakFile: PakFile FullDirectoryIndexSize=154
[2021.11.05-03.28.40:746][  0]LogShaderLibrary: Display: ShaderCodeLibraryPakFileMountedCallback: PakFile 'D:/unreal/UE_4.27/FeaturePacks/TP_2DSideScroller.upack' (chunk index -1, root 'root:/') mounted
[2021.11.05-03.28.40:746][  0]LogShaderLibrary: Display: ShaderCodeLibraryPakFileMountedCallback: pending pak file info (ChunkID:-1 Root:root:/ File:D:/unreal/UE_4.27/FeaturePacks/TP_2DSideScroller.upack)
[2021.11.05-03.28.40:746][  0]LogPakFile: OnPakFileMounted2Time == 0.000029
[2021.11.05-03.28.40:746][  0]LogPakFile: PakFile PrimaryIndexSize=192
[2021.11.05-03.28.40:746][  0]LogPakFile: PakFile PathHashIndexSize=101
[2021.11.05-03.28.40:746][  0]LogPakFile: PakFile FullDirectoryIndexSize=158
[2021.11.05-03.28.40:746][  0]LogShaderLibrary: Display: ShaderCodeLibraryPakFileMountedCallback: PakFile 'D:/unreal/UE_4.27/FeaturePacks/TP_2DSideScrollerBP.upack' (chunk index -1, root 'root:/') mounted
[2021.11.05-03.28.40:746][  0]LogShaderLibrary: Display: ShaderCodeLibraryPakFileMountedCallback: pending pak file info (ChunkID:-1 Root:root:/ File:D:/unreal/UE_4.27/FeaturePacks/TP_2DSideScrollerBP.upack)
[2021.11.05-03.28.40:746][  0]LogPakFile: OnPakFileMounted2Time == 0.000028
[2021.11.05-03.28.40:747][  0]LogPakFile: PakFile PrimaryIndexSize=182
[2021.11.05-03.28.40:747][  0]LogPakFile: PakFile PathHashIndexSize=101
[2021.11.05-03.28.40:747][  0]LogPakFile: PakFile FullDirectoryIndexSize=138
[2021.11.05-03.28.40:747][  0]LogShaderLibrary: Display: ShaderCodeLibraryPakFileMountedCallback: PakFile 'D:/unreal/UE_4.27/FeaturePacks/TP_Flying.upack' (chunk index -1, root 'root:/') mounted
[2021.11.05-03.28.40:747][  0]LogShaderLibrary: Display: ShaderCodeLibraryPakFileMountedCallback: pending pak file info (ChunkID:-1 Root:root:/ File:D:/unreal/UE_4.27/FeaturePacks/TP_Flying.upack)
[2021.11.05-03.28.40:747][  0]LogPakFile: OnPakFileMounted2Time == 0.000028
[2021.11.05-03.28.40:747][  0]LogPakFile: PakFile PrimaryIndexSize=184
[2021.11.05-03.28.40:747][  0]LogPakFile: PakFile PathHashIndexSize=101
[2021.11.05-03.28.40:747][  0]LogPakFile: PakFile FullDirectoryIndexSize=142
[2021.11.05-03.28.40:747][  0]LogShaderLibrary: Display: ShaderCodeLibraryPakFileMountedCallback: PakFile 'D:/unreal/UE_4.27/FeaturePacks/TP_FlyingBP.upack' (chunk index -1, root 'root:/') mounted
[2021.11.05-03.28.40:747][  0]LogShaderLibrary: Display: ShaderCodeLibraryPakFileMountedCallback: pending pak file info (ChunkID:-1 Root:root:/ File:D:/unreal/UE_4.27/FeaturePacks/TP_FlyingBP.upack)
[2021.11.05-03.28.40:747][  0]LogPakFile: OnPakFileMounted2Time == 0.000028
[2021.11.05-03.28.40:748][  0]LogPakFile: PakFile PrimaryIndexSize=188
[2021.11.05-03.28.40:748][  0]LogPakFile: PakFile PathHashIndexSize=101
[2021.11.05-03.28.40:748][  0]LogPakFile: PakFile FullDirectoryIndexSize=150
[2021.11.05-03.28.40:748][  0]LogShaderLibrary: Display: ShaderCodeLibraryPakFileMountedCallback: PakFile 'D:/unreal/UE_4.27/FeaturePacks/TP_HandheldARBP.upack' (chunk index -1, root 'root:/') mounted
[2021.11.05-03.28.40:748][  0]LogShaderLibrary: Display: ShaderCodeLibraryPakFileMountedCallback: pending pak file info (ChunkID:-1 Root:root:/ File:D:/unreal/UE_4.27/FeaturePacks/TP_HandheldARBP.upack)
[2021.11.05-03.28.40:748][  0]LogPakFile: OnPakFileMounted2Time == 0.000030
[2021.11.05-03.28.40:748][  0]LogPakFile: PakFile PrimaryIndexSize=182
[2021.11.05-03.28.40:748][  0]LogPakFile: PakFile PathHashIndexSize=101
[2021.11.05-03.28.40:748][  0]LogPakFile: PakFile FullDirectoryIndexSize=138
[2021.11.05-03.28.40:748][  0]LogShaderLibrary: Display: ShaderCodeLibraryPakFileMountedCallback: PakFile 'D:/unreal/UE_4.27/FeaturePacks/TP_Puzzle.upack' (chunk index -1, root 'root:/') mounted
[2021.11.05-03.28.40:748][  0]LogShaderLibrary: Display: ShaderCodeLibraryPakFileMountedCallback: pending pak file info (ChunkID:-1 Root:root:/ File:D:/unreal/UE_4.27/FeaturePacks/TP_Puzzle.upack)
[2021.11.05-03.28.40:748][  0]LogPakFile: OnPakFileMounted2Time == 0.000028
[2021.11.05-03.28.40:749][  0]LogPakFile: PakFile PrimaryIndexSize=184
[2021.11.05-03.28.40:749][  0]LogPakFile: PakFile PathHashIndexSize=101
[2021.11.05-03.28.40:749][  0]LogPakFile: PakFile FullDirectoryIndexSize=142
[2021.11.05-03.28.40:749][  0]LogShaderLibrary: Display: ShaderCodeLibraryPakFileMountedCallback: PakFile 'D:/unreal/UE_4.27/FeaturePacks/TP_PuzzleBP.upack' (chunk index -1, root 'root:/') mounted
[2021.11.05-03.28.40:749][  0]LogShaderLibrary: Display: ShaderCodeLibraryPakFileMountedCallback: pending pak file info (ChunkID:-1 Root:root:/ File:D:/unreal/UE_4.27/FeaturePacks/TP_PuzzleBP.upack)
[2021.11.05-03.28.40:749][  0]LogPakFile: OnPakFileMounted2Time == 0.000028
[2021.11.05-03.28.40:749][  0]LogPakFile: PakFile PrimaryIndexSize=183
[2021.11.05-03.28.40:749][  0]LogPakFile: PakFile PathHashIndexSize=101
[2021.11.05-03.28.40:749][  0]LogPakFile: PakFile FullDirectoryIndexSize=140
[2021.11.05-03.28.40:749][  0]LogShaderLibrary: Display: ShaderCodeLibraryPakFileMountedCallback: PakFile 'D:/unreal/UE_4.27/FeaturePacks/TP_Rolling.upack' (chunk index -1, root 'root:/') mounted
[2021.11.05-03.28.40:749][  0]LogShaderLibrary: Display: ShaderCodeLibraryPakFileMountedCallback: pending pak file info (ChunkID:-1 Root:root:/ File:D:/unreal/UE_4.27/FeaturePacks/TP_Rolling.upack)
[2021.11.05-03.28.40:749][  0]LogPakFile: OnPakFileMounted2Time == 0.000028
[2021.11.05-03.28.40:750][  0]LogPakFile: PakFile PrimaryIndexSize=185
[2021.11.05-03.28.40:750][  0]LogPakFile: PakFile PathHashIndexSize=101
[2021.11.05-03.28.40:750][  0]LogPakFile: PakFile FullDirectoryIndexSize=144
[2021.11.05-03.28.40:750][  0]LogShaderLibrary: Display: ShaderCodeLibraryPakFileMountedCallback: PakFile 'D:/unreal/UE_4.27/FeaturePacks/TP_RollingBP.upack' (chunk index -1, root 'root:/') mounted
[2021.11.05-03.28.40:750][  0]LogShaderLibrary: Display: ShaderCodeLibraryPakFileMountedCallback: pending pak file info (ChunkID:-1 Root:root:/ File:D:/unreal/UE_4.27/FeaturePacks/TP_RollingBP.upack)
[2021.11.05-03.28.40:750][  0]LogPakFile: OnPakFileMounted2Time == 0.000028
[2021.11.05-03.28.40:750][  0]LogPakFile: PakFile PrimaryIndexSize=188
[2021.11.05-03.28.40:750][  0]LogPakFile: PakFile PathHashIndexSize=101
[2021.11.05-03.28.40:750][  0]LogPakFile: PakFile FullDirectoryIndexSize=150
[2021.11.05-03.28.40:750][  0]LogShaderLibrary: Display: ShaderCodeLibraryPakFileMountedCallback: PakFile 'D:/unreal/UE_4.27/FeaturePacks/TP_SideScroller.upack' (chunk index -1, root 'root:/') mounted
[2021.11.05-03.28.40:750][  0]LogShaderLibrary: Display: ShaderCodeLibraryPakFileMountedCallback: pending pak file info (ChunkID:-1 Root:root:/ File:D:/unreal/UE_4.27/FeaturePacks/TP_SideScroller.upack)
[2021.11.05-03.28.40:750][  0]LogPakFile: OnPakFileMounted2Time == 0.000028
[2021.11.05-03.28.40:751][  0]LogPakFile: PakFile PrimaryIndexSize=190
[2021.11.05-03.28.40:751][  0]LogPakFile: PakFile PathHashIndexSize=101
[2021.11.05-03.28.40:751][  0]LogPakFile: PakFile FullDirectoryIndexSize=154
[2021.11.05-03.28.40:751][  0]LogShaderLibrary: Display: ShaderCodeLibraryPakFileMountedCallback: PakFile 'D:/unreal/UE_4.27/FeaturePacks/TP_SideScrollerBP.upack' (chunk index -1, root 'root:/') mounted
[2021.11.05-03.28.40:751][  0]LogShaderLibrary: Display: ShaderCodeLibraryPakFileMountedCallback: pending pak file info (ChunkID:-1 Root:root:/ File:D:/unreal/UE_4.27/FeaturePacks/TP_SideScrollerBP.upack)
[2021.11.05-03.28.40:751][  0]LogPakFile: OnPakFileMounted2Time == 0.000028
[2021.11.05-03.28.40:751][  0]LogPakFile: PakFile PrimaryIndexSize=187
[2021.11.05-03.28.40:751][  0]LogPakFile: PakFile PathHashIndexSize=101
[2021.11.05-03.28.40:751][  0]LogPakFile: PakFile FullDirectoryIndexSize=148
[2021.11.05-03.28.40:751][  0]LogShaderLibrary: Display: ShaderCodeLibraryPakFileMountedCallback: PakFile 'D:/unreal/UE_4.27/FeaturePacks/TP_ThirdPerson.upack' (chunk index -1, root 'root:/') mounted
[2021.11.05-03.28.40:751][  0]LogShaderLibrary: Display: ShaderCodeLibraryPakFileMountedCallback: pending pak file info (ChunkID:-1 Root:root:/ File:D:/unreal/UE_4.27/FeaturePacks/TP_ThirdPerson.upack)
[2021.11.05-03.28.40:751][  0]LogPakFile: OnPakFileMounted2Time == 0.000028
[2021.11.05-03.28.40:752][  0]LogPakFile: PakFile PrimaryIndexSize=189
[2021.11.05-03.28.40:752][  0]LogPakFile: PakFile PathHashIndexSize=101
[2021.11.05-03.28.40:752][  0]LogPakFile: PakFile FullDirectoryIndexSize=152
[2021.11.05-03.28.40:752][  0]LogShaderLibrary: Display: ShaderCodeLibraryPakFileMountedCallback: PakFile 'D:/unreal/UE_4.27/FeaturePacks/TP_ThirdPersonBP.upack' (chunk index -1, root 'root:/') mounted
[2021.11.05-03.28.40:752][  0]LogShaderLibrary: Display: ShaderCodeLibraryPakFileMountedCallback: pending pak file info (ChunkID:-1 Root:root:/ File:D:/unreal/UE_4.27/FeaturePacks/TP_ThirdPersonBP.upack)
[2021.11.05-03.28.40:752][  0]LogPakFile: OnPakFileMounted2Time == 0.000028
[2021.11.05-03.28.40:752][  0]LogPakFile: PakFile PrimaryIndexSize=183
[2021.11.05-03.28.40:752][  0]LogPakFile: PakFile PathHashIndexSize=101
[2021.11.05-03.28.40:752][  0]LogPakFile: PakFile FullDirectoryIndexSize=140
[2021.11.05-03.28.40:752][  0]LogShaderLibrary: Display: ShaderCodeLibraryPakFileMountedCallback: PakFile 'D:/unreal/UE_4.27/FeaturePacks/TP_TopDown.upack' (chunk index -1, root 'root:/') mounted
[2021.11.05-03.28.40:752][  0]LogShaderLibrary: Display: ShaderCodeLibraryPakFileMountedCallback: pending pak file info (ChunkID:-1 Root:root:/ File:D:/unreal/UE_4.27/FeaturePacks/TP_TopDown.upack)
[2021.11.05-03.28.40:752][  0]LogPakFile: OnPakFileMounted2Time == 0.000033
[2021.11.05-03.28.40:752][  0]LogPakFile: PakFile PrimaryIndexSize=185
[2021.11.05-03.28.40:753][  0]LogPakFile: PakFile PathHashIndexSize=101
[2021.11.05-03.28.40:753][  0]LogPakFile: PakFile FullDirectoryIndexSize=144
[2021.11.05-03.28.40:753][  0]LogShaderLibrary: Display: ShaderCodeLibraryPakFileMountedCallback: PakFile 'D:/unreal/UE_4.27/FeaturePacks/TP_TopDownBP.upack' (chunk index -1, root 'root:/') mounted
[2021.11.05-03.28.40:753][  0]LogShaderLibrary: Display: ShaderCodeLibraryPakFileMountedCallback: pending pak file info (ChunkID:-1 Root:root:/ File:D:/unreal/UE_4.27/FeaturePacks/TP_TopDownBP.upack)
[2021.11.05-03.28.40:753][  0]LogPakFile: OnPakFileMounted2Time == 0.000028
[2021.11.05-03.28.40:753][  0]LogPakFile: PakFile PrimaryIndexSize=185
[2021.11.05-03.28.40:753][  0]LogPakFile: PakFile PathHashIndexSize=101
[2021.11.05-03.28.40:753][  0]LogPakFile: PakFile FullDirectoryIndexSize=144
[2021.11.05-03.28.40:753][  0]LogShaderLibrary: Display: ShaderCodeLibraryPakFileMountedCallback: PakFile 'D:/unreal/UE_4.27/FeaturePacks/TP_TwinStick.upack' (chunk index -1, root 'root:/') mounted
[2021.11.05-03.28.40:753][  0]LogShaderLibrary: Display: ShaderCodeLibraryPakFileMountedCallback: pending pak file info (ChunkID:-1 Root:root:/ File:D:/unreal/UE_4.27/FeaturePacks/TP_TwinStick.upack)
[2021.11.05-03.28.40:753][  0]LogPakFile: OnPakFileMounted2Time == 0.000028
[2021.11.05-03.28.40:753][  0]LogPakFile: PakFile PrimaryIndexSize=187
[2021.11.05-03.28.40:753][  0]LogPakFile: PakFile PathHashIndexSize=101
[2021.11.05-03.28.40:753][  0]LogPakFile: PakFile FullDirectoryIndexSize=148
[2021.11.05-03.28.40:753][  0]LogShaderLibrary: Display: ShaderCodeLibraryPakFileMountedCallback: PakFile 'D:/unreal/UE_4.27/FeaturePacks/TP_TwinStickBP.upack' (chunk index -1, root 'root:/') mounted
[2021.11.05-03.28.40:753][  0]LogShaderLibrary: Display: ShaderCodeLibraryPakFileMountedCallback: pending pak file info (ChunkID:-1 Root:root:/ File:D:/unreal/UE_4.27/FeaturePacks/TP_TwinStickBP.upack)
[2021.11.05-03.28.40:753][  0]LogPakFile: OnPakFileMounted2Time == 0.000028
[2021.11.05-03.28.40:754][  0]LogPakFile: PakFile PrimaryIndexSize=183
[2021.11.05-03.28.40:754][  0]LogPakFile: PakFile PathHashIndexSize=101
[2021.11.05-03.28.40:754][  0]LogPakFile: PakFile FullDirectoryIndexSize=140
[2021.11.05-03.28.40:754][  0]LogShaderLibrary: Display: ShaderCodeLibraryPakFileMountedCallback: PakFile 'D:/unreal/UE_4.27/FeaturePacks/TP_Vehicle.upack' (chunk index -1, root 'root:/') mounted
[2021.11.05-03.28.40:754][  0]LogShaderLibrary: Display: ShaderCodeLibraryPakFileMountedCallback: pending pak file info (ChunkID:-1 Root:root:/ File:D:/unreal/UE_4.27/FeaturePacks/TP_Vehicle.upack)
[2021.11.05-03.28.40:754][  0]LogPakFile: OnPakFileMounted2Time == 0.000028
[2021.11.05-03.28.40:754][  0]LogPakFile: PakFile PrimaryIndexSize=186
[2021.11.05-03.28.40:754][  0]LogPakFile: PakFile PathHashIndexSize=101
[2021.11.05-03.28.40:754][  0]LogPakFile: PakFile FullDirectoryIndexSize=146
[2021.11.05-03.28.40:754][  0]LogShaderLibrary: Display: ShaderCodeLibraryPakFileMountedCallback: PakFile 'D:/unreal/UE_4.27/FeaturePacks/TP_VehicleAdv.upack' (chunk index -1, root 'root:/') mounted
[2021.11.05-03.28.40:754][  0]LogShaderLibrary: Display: ShaderCodeLibraryPakFileMountedCallback: pending pak file info (ChunkID:-1 Root:root:/ File:D:/unreal/UE_4.27/FeaturePacks/TP_VehicleAdv.upack)
[2021.11.05-03.28.40:754][  0]LogPakFile: OnPakFileMounted2Time == 0.000028
[2021.11.05-03.28.40:755][  0]LogPakFile: PakFile PrimaryIndexSize=188
[2021.11.05-03.28.40:755][  0]LogPakFile: PakFile PathHashIndexSize=101
[2021.11.05-03.28.40:755][  0]LogPakFile: PakFile FullDirectoryIndexSize=150
[2021.11.05-03.28.40:755][  0]LogShaderLibrary: Display: ShaderCodeLibraryPakFileMountedCallback: PakFile 'D:/unreal/UE_4.27/FeaturePacks/TP_VehicleAdvBP.upack' (chunk index -1, root 'root:/') mounted
[2021.11.05-03.28.40:755][  0]LogShaderLibrary: Display: ShaderCodeLibraryPakFileMountedCallback: pending pak file info (ChunkID:-1 Root:root:/ File:D:/unreal/UE_4.27/FeaturePacks/TP_VehicleAdvBP.upack)
[2021.11.05-03.28.40:755][  0]LogPakFile: OnPakFileMounted2Time == 0.000032
[2021.11.05-03.28.40:755][  0]LogPakFile: PakFile PrimaryIndexSize=185
[2021.11.05-03.28.40:755][  0]LogPakFile: PakFile PathHashIndexSize=101
[2021.11.05-03.28.40:755][  0]LogPakFile: PakFile FullDirectoryIndexSize=144
[2021.11.05-03.28.40:755][  0]LogShaderLibrary: Display: ShaderCodeLibraryPakFileMountedCallback: PakFile 'D:/unreal/UE_4.27/FeaturePacks/TP_VehicleBP.upack' (chunk index -1, root 'root:/') mounted
[2021.11.05-03.28.40:755][  0]LogShaderLibrary: Display: ShaderCodeLibraryPakFileMountedCallback: pending pak file info (ChunkID:-1 Root:root:/ File:D:/unreal/UE_4.27/FeaturePacks/TP_VehicleBP.upack)
[2021.11.05-03.28.40:755][  0]LogPakFile: OnPakFileMounted2Time == 0.000028
[2021.11.05-03.28.40:756][  0]LogPakFile: PakFile PrimaryIndexSize=192
[2021.11.05-03.28.40:756][  0]LogPakFile: PakFile PathHashIndexSize=101
[2021.11.05-03.28.40:756][  0]LogPakFile: PakFile FullDirectoryIndexSize=158
[2021.11.05-03.28.40:756][  0]LogShaderLibrary: Display: ShaderCodeLibraryPakFileMountedCallback: PakFile 'D:/unreal/UE_4.27/FeaturePacks/TP_VirtualRealityBP.upack' (chunk index -1, root 'root:/') mounted
[2021.11.05-03.28.40:756][  0]LogShaderLibrary: Display: ShaderCodeLibraryPakFileMountedCallback: pending pak file info (ChunkID:-1 Root:root:/ File:D:/unreal/UE_4.27/FeaturePacks/TP_VirtualRealityBP.upack)
[2021.11.05-03.28.40:756][  0]LogPakFile: OnPakFileMounted2Time == 0.000028
[2021.11.05-03.28.40:789][  0]LogNativeClassHierarchy: Verbose: Native class hierarchy updated for 'AddContentDialog' in 0.0003 seconds. Added 0 classes and 0 folders.
[2021.11.05-03.28.40:790][  0]LogNativeClassHierarchy: Verbose: Native class hierarchy updated for 'SceneOutliner' in 0.0002 seconds. Added 2 classes and 0 folders.
[2021.11.05-03.28.41:137][  0]LogSlate: Only BGRA pngs, bmps or icos are supported in by External Image Picker
[2021.11.05-03.28.41:251][  0]LogSlate: Took 0.000157 seconds to synchronously load lazily loaded font '../../../Engine/Content/Slate/Fonts/Roboto-Regular.ttf' (155K)
[2021.11.05-03.28.41:252][  0]LogSlate: Took 0.000091 seconds to synchronously load lazily loaded font '../../../Engine/Content/Editor/Slate/Fonts/FontAwesome.ttf' (139K)
[2021.11.05-03.28.41:253][  0]LogSlate: Took 0.000085 seconds to synchronously load lazily loaded font '../../../Engine/Content/Slate/Fonts/Roboto-Bold.ttf' (160K)
[2021.11.05-03.28.41:326][  0]LogRenderer: Reallocating scene render targets to support 756x288 Format 10 NumSamples 1 (Frame:1).
[2021.11.05-03.28.41:398][  0]LogNativeClassHierarchy: Verbose: Native class hierarchy updated for 'HierarchicalLODOutliner' in 0.0002 seconds. Added 0 classes and 0 folders.
[2021.11.05-03.28.41:398][  0]LogInput: Warning: Action Jump uses invalid key OculusGo_Left_Trigger_Click.
[2021.11.05-03.28.41:398][  0]LogInput: Warning: Action ResetVR uses invalid key OculusGo_Left_Trackpad_Click.
[2021.11.05-03.28.41:399][  0]LogInput: Warning: Use -RemoveInvalidKeys to remove instances of these keys from the action mapping.
[2021.11.05-03.28.41:399][  0]LogLoad: (Engine Initialization) Total time: 7.07 seconds
[2021.11.05-03.28.41:399][  0]LogLoad: (Engine Initialization) Total Blueprint compile time: 0.00 seconds
[2021.11.05-03.28.41:547][  0]LogAssetRegistry: Asset discovery search completed in 4.4188 seconds
[2021.11.05-03.28.41:552][  0]LogCollectionManager: Fixed up redirectors for 0 collections in 0.000003 seconds (updated 0 objects)
[2021.11.05-03.28.41:552][  0]LogContentStreaming: Texture pool size now 1000 MB
